Using pre-set license
Built from '2020.3/staging' branch; Version is '2020.3.11f1 (99c7afb366b3) revision 10078127'; Using compiler version '192528614'; Build Type 'Release'
OS: 'Windows 10 Home Single Language; OS build 19042.1165; Version 2009; 64bit' Language: 'en' Physical Memory: 8112 MB
BatchMode: 1, IsHumanControllingUs: 0, StartBugReporterOnCrash: 0, Is64bit: 1, IsPro: 0

 COMMAND LINE ARGUMENTS:
C:\2020.3.11f1\Editor\Unity.exe
-adb2
-batchMode
-noUpm
-name
AssetImportWorker0
-projectPath
D:/Games/mist in the city
-logFile
Logs/AssetImportWorker0.log
-srvPort
56567
Successfully changed project path to: D:/Games/mist in the city
D:/Games/mist in the city
Using Asset Import Pipeline V2.
Refreshing native plugins compatible for Editor in 45.54 ms, found 2 plugins.
Preloading 0 native plugins for Editor in 0.00 ms.
Initialize engine version: 2020.3.11f1 (99c7afb366b3)
[Subsystems] Discovering subsystems at path C:/2020.3.11f1/Editor/Data/Resources/UnitySubsystems
[Subsystems] Discovering subsystems at path D:/Games/mist in the city/Assets
GfxDevice: creating device client; threaded=0
Direct3D:
    Version:  Direct3D 11.0 [level 11.1]
    Renderer: NVIDIA GeForce GTX 1650 (ID=0x1f91)
    Vendor:   
    VRAM:     3962 MB
    Driver:   27.21.14.5749
Initialize mono
Mono path[0] = 'C:/2020.3.11f1/Editor/Data/Managed'
Mono path[1] = 'C:/2020.3.11f1/Editor/Data/MonoBleedingEdge/lib/mono/unityjit'
Mono config path = 'C:/2020.3.11f1/Editor/Data/MonoBleedingEdge/etc'
Using monoOptions --debugger-agent=transport=dt_socket,embedding=1,server=y,suspend=n,address=127.0.0.1:56504
Begin MonoManager ReloadAssembly
Registering precompiled unity dll's ...
Register platform support module: C:/2020.3.11f1/Editor/Data/PlaybackEngines/WebGLSupport/UnityEditor.WebGL.Extensions.dll
Register platform support module: C:/2020.3.11f1/Editor/Data/PlaybackEngines/WindowsStandaloneSupport/UnityEditor.WindowsStandalone.Extensions.dll
Registered in 0.002405 seconds.
Native extension for WindowsStandalone target not found
Native extension for WebGL target not found
Refreshing native plugins compatible for Editor in 42.25 ms, found 2 plugins.
Preloading 0 native plugins for Editor in 0.00 ms.
Mono: successfully reloaded assembly
- Completed reload, in  2.146 seconds
Platform modules already initialized, skipping
Registering precompiled user dll's ...
Registered in 0.003536 seconds.
Begin MonoManager ReloadAssembly
Native extension for WindowsStandalone target not found
Native extension for WebGL target not found
Refreshing native plugins compatible for Editor in 41.49 ms, found 2 plugins.
Preloading 0 native plugins for Editor in 0.00 ms.
Mono: successfully reloaded assembly
- Completed reload, in  1.055 seconds
Platform modules already initialized, skipping
========================================================================
Worker process is ready to serve import requests
Launched and connected shader compiler UnityShaderCompiler.exe after 0.05 seconds
Refreshing native plugins compatible for Editor in 0.83 ms, found 2 plugins.
Preloading 0 native plugins for Editor in 0.00 ms.
Unloading 1686 Unused Serialized files (Serialized files now loaded: 0)
System memory in use before: 90.4 MB.
System memory in use after: 90.5 MB.

Unloading 21 unused Assets to reduce memory usage. Loaded Objects now: 2144.
Total: 2.389000 ms (FindLiveObjects: 0.166700 ms CreateObjectMapping: 0.047200 ms MarkObjects: 2.058000 ms  DeleteObjects: 0.116200 ms)

========================================================================
Received Import Request.
  path: Assets/New Material 1.mat
  artifactKey: Guid(bc78306156383844791776ed245f2689) Importer(815301076,1909f56bfc062723c751e8b465ee728b)
Start importing Assets/New Material 1.mat using Guid(bc78306156383844791776ed245f2689) Importer(815301076,1909f56bfc062723c751e8b465ee728b)  -> (artifact id: '1d81b7bf26596f97e821b1ebd93decee') in 0.149579 seconds
  Import took 0.164242 seconds .

========================================================================
Received Prepare
Registering precompiled user dll's ...
Registered in 0.003455 seconds.
Begin MonoManager ReloadAssembly
Native extension for WindowsStandalone target not found
Native extension for WebGL target not found
Refreshing native plugins compatible for Editor in 0.47 ms, found 2 plugins.
Preloading 0 native plugins for Editor in 0.00 ms.
Mono: successfully reloaded assembly
- Completed reload, in  0.926 seconds
Platform modules already initialized, skipping
Refreshing native plugins compatible for Editor in 0.47 ms, found 2 plugins.
Preloading 0 native plugins for Editor in 0.00 ms.
Unloading 1681 Unused Serialized files (Serialized files now loaded: 0)
System memory in use before: 93.8 MB.
System memory in use after: 93.9 MB.

Unloading 14 unused Assets to reduce memory usage. Loaded Objects now: 2187.
Total: 2.351600 ms (FindLiveObjects: 0.169400 ms CreateObjectMapping: 0.046900 ms MarkObjects: 2.050500 ms  DeleteObjects: 0.084200 ms)

========================================================================
Received Import Request.
  Time since last request: 561.407459 seconds.
  path: Assets/Urban American Assets/Props/Vehicles B/Traffic B - BigSedan 1.prefab
  artifactKey: Guid(e74fd2289406d214c9e094e2f913deb9) Importer(815301076,1909f56bfc062723c751e8b465ee728b)
Start importing Assets/Urban American Assets/Props/Vehicles B/Traffic B - BigSedan 1.prefab using Guid(e74fd2289406d214c9e094e2f913deb9) Importer(815301076,1909f56bfc062723c751e8b465ee728b)  -> (artifact id: '09455a75b2aee55363d12d93b5bfaa99') in 0.100597 seconds
  Import took 0.189262 seconds .

========================================================================
Received Import Request.
  Time since last request: 0.000705 seconds.
  path: Assets/Urban American Assets/Props/Vehicles B/Traffic B - MidSedan 1.prefab
  artifactKey: Guid(b197f5263aa27fe488ecd6fa7f97039b) Importer(815301076,1909f56bfc062723c751e8b465ee728b)
Start importing Assets/Urban American Assets/Props/Vehicles B/Traffic B - MidSedan 1.prefab using Guid(b197f5263aa27fe488ecd6fa7f97039b) Importer(815301076,1909f56bfc062723c751e8b465ee728b)  -> (artifact id: 'f774b5284781b471fe3ff82f841dfdc8') in 0.035518 seconds
  Import took 0.040944 seconds .

========================================================================
Received Import Request.
  Time since last request: 0.000336 seconds.
  path: Assets/Urban American Assets/Props/Vehicles B/Traffic B - Taxi 1.prefab
  artifactKey: Guid(83108cda3d32edb4880d9e49bc847c9e) Importer(815301076,1909f56bfc062723c751e8b465ee728b)
Start importing Assets/Urban American Assets/Props/Vehicles B/Traffic B - Taxi 1.prefab using Guid(83108cda3d32edb4880d9e49bc847c9e) Importer(815301076,1909f56bfc062723c751e8b465ee728b)  -> (artifact id: 'a678558882f9243e1ab6d0369ffc089d') in 0.028125 seconds
  Import took 0.031816 seconds .

========================================================================
Received Import Request.
  Time since last request: 0.000291 seconds.
  path: Assets/Urban American Assets/Props/Vehicles B/Traffic B - OldSedan.prefab
  artifactKey: Guid(4f3b46d22459b2c468546b901f2a489d) Importer(815301076,1909f56bfc062723c751e8b465ee728b)
Start importing Assets/Urban American Assets/Props/Vehicles B/Traffic B - OldSedan.prefab using Guid(4f3b46d22459b2c468546b901f2a489d) Importer(815301076,1909f56bfc062723c751e8b465ee728b)  -> (artifact id: '0da2bb39114955290b7d3084f0e8786e') in 0.032334 seconds
  Import took 0.036380 seconds .

========================================================================
Received Import Request.
  Time since last request: 0.000219 seconds.
  path: Assets/Urban American Assets/Props/Vehicles B/Traffic B - OldWagon 1.prefab
  artifactKey: Guid(aab64e2bf19a9754dae64a03bf79a424) Importer(815301076,1909f56bfc062723c751e8b465ee728b)
Start importing Assets/Urban American Assets/Props/Vehicles B/Traffic B - OldWagon 1.prefab using Guid(aab64e2bf19a9754dae64a03bf79a424) Importer(815301076,1909f56bfc062723c751e8b465ee728b)  -> (artifact id: '8fcf8b6e00b84559251936503a4fc783') in 0.036861 seconds
  Import took 0.041368 seconds .

========================================================================
Received Import Request.
  Time since last request: 0.000283 seconds.
  path: Assets/Urban American Assets/Props/Vehicles B/Traffic B - OldWagon 2.prefab
  artifactKey: Guid(554fc4683233ce6458730fcb664c091b) Importer(815301076,1909f56bfc062723c751e8b465ee728b)
Start importing Assets/Urban American Assets/Props/Vehicles B/Traffic B - OldWagon 2.prefab using Guid(554fc4683233ce6458730fcb664c091b) Importer(815301076,1909f56bfc062723c751e8b465ee728b)  -> (artifact id: 'c8e0a095c22c44de358466830419ade4') in 0.031903 seconds
  Import took 0.035628 seconds .

========================================================================
Received Import Request.
  Time since last request: 0.000369 seconds.
  path: Assets/Urban American Assets/Props/Vehicles B/Traffic B - Taxi 4.prefab
  artifactKey: Guid(7cab82116a8696d4fb48acb33b5782ec) Importer(815301076,1909f56bfc062723c751e8b465ee728b)
Start importing Assets/Urban American Assets/Props/Vehicles B/Traffic B - Taxi 4.prefab using Guid(7cab82116a8696d4fb48acb33b5782ec) Importer(815301076,1909f56bfc062723c751e8b465ee728b)  -> (artifact id: '2f381120ef8c015ada799deee933d5b4') in 0.030825 seconds
  Import took 0.035022 seconds .

========================================================================
Received Import Request.
  Time since last request: 0.000259 seconds.
  path: Assets/Urban American Assets/Props/Vehicles B/Traffic B - Taxi.prefab
  artifactKey: Guid(876e3e4790d7eba42a6728d777e1a9cf) Importer(815301076,1909f56bfc062723c751e8b465ee728b)
Start importing Assets/Urban American Assets/Props/Vehicles B/Traffic B - Taxi.prefab using Guid(876e3e4790d7eba42a6728d777e1a9cf) Importer(815301076,1909f56bfc062723c751e8b465ee728b)  -> (artifact id: '9eeb3ad4bf8fd298a73e349485bf0d8a') in 0.027254 seconds
  Import took 0.030742 seconds .

========================================================================
Received Import Request.
  Time since last request: 0.000235 seconds.
  path: Assets/Urban American Assets/Props/Vehicles B/Traffic B - MidSedan 2.prefab
  artifactKey: Guid(fb51c78cbf83c66479120b593483ae84) Importer(815301076,1909f56bfc062723c751e8b465ee728b)
Start importing Assets/Urban American Assets/Props/Vehicles B/Traffic B - MidSedan 2.prefab using Guid(fb51c78cbf83c66479120b593483ae84) Importer(815301076,1909f56bfc062723c751e8b465ee728b)  -> (artifact id: 'd9543b8924d503231f4c9d0cec0a0997') in 0.035393 seconds
  Import took 0.039953 seconds .

========================================================================
Received Import Request.
  Time since last request: 0.000247 seconds.
  path: Assets/Urban American Assets/Props/Vehicles B/Traffic B - OldSedan 4.prefab
  artifactKey: Guid(4f190f3c667e18740967f7785eaabab6) Importer(815301076,1909f56bfc062723c751e8b465ee728b)
Start importing Assets/Urban American Assets/Props/Vehicles B/Traffic B - OldSedan 4.prefab using Guid(4f190f3c667e18740967f7785eaabab6) Importer(815301076,1909f56bfc062723c751e8b465ee728b)  -> (artifact id: '35872e0502c16f33c7e42b20ec5ed40b') in 0.024608 seconds
  Import took 0.028045 seconds .

========================================================================
Received Import Request.
  Time since last request: 0.000329 seconds.
  path: Assets/Urban American Assets/Props/Vehicles B/Traffic B - OldSedan 3.prefab
  artifactKey: Guid(266ced9dec048eb4ba79de043b69506d) Importer(815301076,1909f56bfc062723c751e8b465ee728b)
Start importing Assets/Urban American Assets/Props/Vehicles B/Traffic B - OldSedan 3.prefab using Guid(266ced9dec048eb4ba79de043b69506d) Importer(815301076,1909f56bfc062723c751e8b465ee728b)  -> (artifact id: 'cf73e2cc38dedc9377d2fd1b942989c2') in 0.031796 seconds
  Import took 0.034931 seconds .

========================================================================
Received Import Request.
  Time since last request: 0.000332 seconds.
  path: Assets/Urban American Assets/Props/Vehicles B/Traffic B - OldSedan 6.prefab
  artifactKey: Guid(c5df3265d7b55f44bb3bdbf0c942e6ed) Importer(815301076,1909f56bfc062723c751e8b465ee728b)
Start importing Assets/Urban American Assets/Props/Vehicles B/Traffic B - OldSedan 6.prefab using Guid(c5df3265d7b55f44bb3bdbf0c942e6ed) Importer(815301076,1909f56bfc062723c751e8b465ee728b)  -> (artifact id: 'ac1fd494d8a94ca152488d51aab210ff') in 0.013779 seconds
  Import took 0.016730 seconds .

========================================================================
Received Import Request.
  Time since last request: 0.000332 seconds.
  path: Assets/Urban American Assets/Props/Vehicles B/Traffic B - Taxi 2.prefab
  artifactKey: Guid(a59a6677665c95e4b941b9c87a1284b0) Importer(815301076,1909f56bfc062723c751e8b465ee728b)
Start importing Assets/Urban American Assets/Props/Vehicles B/Traffic B - Taxi 2.prefab using Guid(a59a6677665c95e4b941b9c87a1284b0) Importer(815301076,1909f56bfc062723c751e8b465ee728b)  -> (artifact id: '0a13265d93ae274ed861b50ca5a42a1b') in 0.013207 seconds
  Import took 0.016164 seconds .

========================================================================
Received Import Request.
  Time since last request: 0.000300 seconds.
  path: Assets/Urban American Assets/Props/Vehicles B/Traffic B - BigSedan.prefab
  artifactKey: Guid(2e5efb68ad2afcd45ba8f0193e8b58e7) Importer(815301076,1909f56bfc062723c751e8b465ee728b)
Start importing Assets/Urban American Assets/Props/Vehicles B/Traffic B - BigSedan.prefab using Guid(2e5efb68ad2afcd45ba8f0193e8b58e7) Importer(815301076,1909f56bfc062723c751e8b465ee728b)  -> (artifact id: '2246fd9b48a784c1d9e527072c39e980') in 0.013510 seconds
  Import took 0.016246 seconds .

========================================================================
Received Import Request.
  Time since last request: 0.000288 seconds.
  path: Assets/Urban American Assets/Props/Vehicles B/Traffic B - BigSedan 4.prefab
  artifactKey: Guid(9f23c531fb46abf4aa1af8c61fdfb18c) Importer(815301076,1909f56bfc062723c751e8b465ee728b)
Start importing Assets/Urban American Assets/Props/Vehicles B/Traffic B - BigSedan 4.prefab using Guid(9f23c531fb46abf4aa1af8c61fdfb18c) Importer(815301076,1909f56bfc062723c751e8b465ee728b)  -> (artifact id: '6282bc71e3efca874c509bde074271e5') in 0.014856 seconds
  Import took 0.078620 seconds .

========================================================================
Received Import Request.
  Time since last request: 0.000323 seconds.
  path: Assets/Urban American Assets/Props/Vehicles B/Traffic B - OldWagon 3.prefab
  artifactKey: Guid(bb1b39381246d6540b408974d9159e6a) Importer(815301076,1909f56bfc062723c751e8b465ee728b)
Start importing Assets/Urban American Assets/Props/Vehicles B/Traffic B - OldWagon 3.prefab using Guid(bb1b39381246d6540b408974d9159e6a) Importer(815301076,1909f56bfc062723c751e8b465ee728b)  -> (artifact id: '0da71778322e6c5847be6a60c30ed60f') in 0.013867 seconds
  Import took 0.016584 seconds .

========================================================================
Received Import Request.
  Time since last request: 0.000361 seconds.
  path: Assets/Urban American Assets/Props/Vehicles B/Traffic B - OldWagon 5.prefab
  artifactKey: Guid(a8d7b2e9fb1e4f943b088dfbc8b9ef6f) Importer(815301076,1909f56bfc062723c751e8b465ee728b)
Start importing Assets/Urban American Assets/Props/Vehicles B/Traffic B - OldWagon 5.prefab using Guid(a8d7b2e9fb1e4f943b088dfbc8b9ef6f) Importer(815301076,1909f56bfc062723c751e8b465ee728b)  -> (artifact id: 'b5353bb7ee3f408359b60986d092d52e') in 0.013705 seconds
  Import took 0.018135 seconds .

========================================================================
Received Import Request.
  Time since last request: 0.000296 seconds.
  path: Assets/Urban American Assets/Props/Vehicles B/Traffic B - Small_Car.prefab
  artifactKey: Guid(f91336dfcda69084db008c3df49bbcee) Importer(815301076,1909f56bfc062723c751e8b465ee728b)
Start importing Assets/Urban American Assets/Props/Vehicles B/Traffic B - Small_Car.prefab using Guid(f91336dfcda69084db008c3df49bbcee) Importer(815301076,1909f56bfc062723c751e8b465ee728b)  -> (artifact id: 'e81059c81e237b25468c2770d529d9ff') in 0.013048 seconds
  Import took 0.016295 seconds .

========================================================================
Received Import Request.
  Time since last request: 0.000339 seconds.
  path: Assets/Urban American Assets/Props/Vehicles B/Traffic B - Taxi 3.prefab
  artifactKey: Guid(1c1554d784ee185448c6c3699c5248ad) Importer(815301076,1909f56bfc062723c751e8b465ee728b)
Start importing Assets/Urban American Assets/Props/Vehicles B/Traffic B - Taxi 3.prefab using Guid(1c1554d784ee185448c6c3699c5248ad) Importer(815301076,1909f56bfc062723c751e8b465ee728b)  -> (artifact id: '6a5166b4bf29703ff2f75c1607af44bd') in 0.012976 seconds
  Import took 0.016014 seconds .

========================================================================
Received Import Request.
  Time since last request: 0.000307 seconds.
  path: Assets/Urban American Assets/Props/Vehicles B/Traffic B - BigSedan 2.prefab
  artifactKey: Guid(566938e064390544b84e4d36dc2f8cbd) Importer(815301076,1909f56bfc062723c751e8b465ee728b)
Start importing Assets/Urban American Assets/Props/Vehicles B/Traffic B - BigSedan 2.prefab using Guid(566938e064390544b84e4d36dc2f8cbd) Importer(815301076,1909f56bfc062723c751e8b465ee728b)  -> (artifact id: 'eef4bbefc1c143a6978c869b70ff8d64') in 0.013901 seconds
  Import took 0.017431 seconds .

========================================================================
Received Import Request.
  Time since last request: 0.000308 seconds.
  path: Assets/Urban American Assets/Props/Vehicles B/Traffic B - OldWagon 4.prefab
  artifactKey: Guid(5eccbabcc6e9a6843bd3bcf7ca85706d) Importer(815301076,1909f56bfc062723c751e8b465ee728b)
Start importing Assets/Urban American Assets/Props/Vehicles B/Traffic B - OldWagon 4.prefab using Guid(5eccbabcc6e9a6843bd3bcf7ca85706d) Importer(815301076,1909f56bfc062723c751e8b465ee728b)  -> (artifact id: '27145994bea1d42aa5eb23a5ca0c061e') in 0.013291 seconds
  Import took 0.016556 seconds .

========================================================================
Received Import Request.
  Time since last request: 0.000270 seconds.
  path: Assets/Urban American Assets/Props/Vehicles B/Traffic B - Van.prefab
  artifactKey: Guid(3da7295d3f87e2f44ab5868a6b9e3303) Importer(815301076,1909f56bfc062723c751e8b465ee728b)
Start importing Assets/Urban American Assets/Props/Vehicles B/Traffic B - Van.prefab using Guid(3da7295d3f87e2f44ab5868a6b9e3303) Importer(815301076,1909f56bfc062723c751e8b465ee728b)  -> (artifact id: 'f9b0c4c81eee28442192ecd1fbd87231') in 0.011842 seconds
  Import took 0.016289 seconds .

========================================================================
Received Import Request.
  Time since last request: 0.000338 seconds.
  path: Assets/Urban American Assets/Props/Vehicles B/Traffic B - OldSedan 1.prefab
  artifactKey: Guid(de0664e8af3cc80458f4f1153565b524) Importer(815301076,1909f56bfc062723c751e8b465ee728b)
Start importing Assets/Urban American Assets/Props/Vehicles B/Traffic B - OldSedan 1.prefab using Guid(de0664e8af3cc80458f4f1153565b524) Importer(815301076,1909f56bfc062723c751e8b465ee728b)  -> (artifact id: '0be2fe5f7b29042ebca38639886f8d87') in 0.015595 seconds
  Import took 0.018828 seconds .

========================================================================
Received Import Request.
  Time since last request: 0.000319 seconds.
  path: Assets/Urban American Assets/Props/Vehicles B/Traffic B - MidSedan.prefab
  artifactKey: Guid(ac9b34f61c042ed45b9d4c7da1e4cd93) Importer(815301076,1909f56bfc062723c751e8b465ee728b)
Start importing Assets/Urban American Assets/Props/Vehicles B/Traffic B - MidSedan.prefab using Guid(ac9b34f61c042ed45b9d4c7da1e4cd93) Importer(815301076,1909f56bfc062723c751e8b465ee728b)  -> (artifact id: 'c044b39daff76d509ab1c4a3ad0fec4b') in 0.012185 seconds
  Import took 0.014940 seconds .

========================================================================
Received Import Request.
  Time since last request: 0.000262 seconds.
  path: Assets/Urban American Assets/Props/Vehicles B/Traffic B - Truck.prefab
  artifactKey: Guid(de98251347cb8a8478def5b3457f2e95) Importer(815301076,1909f56bfc062723c751e8b465ee728b)
Start importing Assets/Urban American Assets/Props/Vehicles B/Traffic B - Truck.prefab using Guid(de98251347cb8a8478def5b3457f2e95) Importer(815301076,1909f56bfc062723c751e8b465ee728b)  -> (artifact id: '2bdc566b52643992dd5f7070660fafac') in 0.012215 seconds
  Import took 0.015291 seconds .

========================================================================
Received Import Request.
  Time since last request: 0.000324 seconds.
  path: Assets/Urban American Assets/Props/Vehicles B/Traffic B - OldSedan 5.prefab
  artifactKey: Guid(e3aa5097556f0d34f8b9f07a0146fca7) Importer(815301076,1909f56bfc062723c751e8b465ee728b)
Start importing Assets/Urban American Assets/Props/Vehicles B/Traffic B - OldSedan 5.prefab using Guid(e3aa5097556f0d34f8b9f07a0146fca7) Importer(815301076,1909f56bfc062723c751e8b465ee728b)  -> (artifact id: '248fd12dbe5f9c144c6d76fb885748b0') in 0.014497 seconds
  Import took 0.017615 seconds .

========================================================================
Received Import Request.
  Time since last request: 0.000322 seconds.
  path: Assets/Urban American Assets/Props/Vehicles B/Traffic B - OldWagon.prefab
  artifactKey: Guid(2c59bc70b9da308469dadbcdbb1bacc7) Importer(815301076,1909f56bfc062723c751e8b465ee728b)
Start importing Assets/Urban American Assets/Props/Vehicles B/Traffic B - OldWagon.prefab using Guid(2c59bc70b9da308469dadbcdbb1bacc7) Importer(815301076,1909f56bfc062723c751e8b465ee728b)  -> (artifact id: 'dda973385940095061afd8dd107e7154') in 0.013427 seconds
  Import took 0.028531 seconds .

========================================================================
Received Import Request.
  Time since last request: 0.000334 seconds.
  path: Assets/Urban American Assets/Props/Vehicles B/Traffic B - MidSedan 3.prefab
  artifactKey: Guid(382faf0957e39bf41b73549cd6fc2e8e) Importer(815301076,1909f56bfc062723c751e8b465ee728b)
Start importing Assets/Urban American Assets/Props/Vehicles B/Traffic B - MidSedan 3.prefab using Guid(382faf0957e39bf41b73549cd6fc2e8e) Importer(815301076,1909f56bfc062723c751e8b465ee728b)  -> (artifact id: '936f9cca1715f31775323eeef0071d11') in 0.014247 seconds
  Import took 0.017758 seconds .

========================================================================
Received Import Request.
  Time since last request: 0.000246 seconds.
  path: Assets/Urban American Assets/Props/Vehicles B/Traffic B - MidSedan 4.prefab
  artifactKey: Guid(540a37f296791904c987c7ffb747ae2d) Importer(815301076,1909f56bfc062723c751e8b465ee728b)
Start importing Assets/Urban American Assets/Props/Vehicles B/Traffic B - MidSedan 4.prefab using Guid(540a37f296791904c987c7ffb747ae2d) Importer(815301076,1909f56bfc062723c751e8b465ee728b)  -> (artifact id: '36ae9c9282e1cc97d942c54fec4bfb76') in 0.012801 seconds
  Import took 0.016057 seconds .

========================================================================
Received Import Request.
  Time since last request: 0.000333 seconds.
  path: Assets/Urban American Assets/Props/Vehicles B/Traffic B - BigSedan 3.prefab
  artifactKey: Guid(8eee684eb534b2645b57fd47fff1dbbb) Importer(815301076,1909f56bfc062723c751e8b465ee728b)
Start importing Assets/Urban American Assets/Props/Vehicles B/Traffic B - BigSedan 3.prefab using Guid(8eee684eb534b2645b57fd47fff1dbbb) Importer(815301076,1909f56bfc062723c751e8b465ee728b)  -> (artifact id: '8513ed36548b85aac92ca6807e5d26fa') in 0.015421 seconds
  Import took 0.018689 seconds .

========================================================================
Received Prepare
Registering precompiled user dll's ...
Registered in 0.005345 seconds.
Begin MonoManager ReloadAssembly
Native extension for WindowsStandalone target not found
Native extension for WebGL target not found
Refreshing native plugins compatible for Editor in 0.46 ms, found 2 plugins.
Preloading 0 native plugins for Editor in 0.00 ms.
Mono: successfully reloaded assembly
- Completed reload, in  0.904 seconds
Platform modules already initialized, skipping
Refreshing native plugins compatible for Editor in 0.47 ms, found 2 plugins.
Preloading 0 native plugins for Editor in 0.00 ms.
Unloading 1681 Unused Serialized files (Serialized files now loaded: 0)
System memory in use before: 94.1 MB.
System memory in use after: 94.2 MB.

Unloading 14 unused Assets to reduce memory usage. Loaded Objects now: 2191.
Total: 2.231700 ms (FindLiveObjects: 0.159100 ms CreateObjectMapping: 0.044100 ms MarkObjects: 1.948600 ms  DeleteObjects: 0.079100 ms)

========================================================================
Received Import Request.
  Time since last request: 1367.731431 seconds.
  path: Assets/ArtisticMechanics/Brat
  artifactKey: Guid(341eef1070059c7468b01be705e3711d) Importer(815301076,1909f56bfc062723c751e8b465ee728b)
Start importing Assets/ArtisticMechanics/Brat using Guid(341eef1070059c7468b01be705e3711d) Importer(815301076,1909f56bfc062723c751e8b465ee728b)  -> (artifact id: '594ffb67b18d92e6e011c32951f3d823') in 0.041111 seconds
  Import took 0.055269 seconds .

========================================================================
Received Import Request.
  Time since last request: 0.013449 seconds.
  path: Assets/ArtisticMechanics/Brat
  artifactKey: Guid(341eef1070059c7468b01be705e3711d) Importer(815301076,1909f56bfc062723c751e8b465ee728b)
Start importing Assets/ArtisticMechanics/Brat using Guid(341eef1070059c7468b01be705e3711d) Importer(815301076,1909f56bfc062723c751e8b465ee728b)  -> (artifact id: '594ffb67b18d92e6e011c32951f3d823') in 0.008862 seconds
  Import took 0.020384 seconds .

========================================================================
Received Import Request.
  Time since last request: 1.526219 seconds.
  path: Assets/ArtisticMechanics/Brat/Prefabs
  artifactKey: Guid(0d5f64ab6d0196a46abb5bab9bff1594) Importer(815301076,1909f56bfc062723c751e8b465ee728b)
Start importing Assets/ArtisticMechanics/Brat/Prefabs using Guid(0d5f64ab6d0196a46abb5bab9bff1594) Importer(815301076,1909f56bfc062723c751e8b465ee728b)  -> (artifact id: '8a2e05a87dcdaa2d455ebd405abdb0e6') in 0.017050 seconds
  Import took 0.025251 seconds .

========================================================================
Received Import Request.
  Time since last request: 2.331426 seconds.
  path: Assets/ArtisticMechanics/Brat/Prefabs/Singles
  artifactKey: Guid(01e261ecff92ab84ba8d686e9c071198) Importer(815301076,1909f56bfc062723c751e8b465ee728b)
Start importing Assets/ArtisticMechanics/Brat/Prefabs/Singles using Guid(01e261ecff92ab84ba8d686e9c071198) Importer(815301076,1909f56bfc062723c751e8b465ee728b)  -> (artifact id: '43b825c0423519a4c8c87004788247b0') in 0.019240 seconds
  Import took 0.027869 seconds .

========================================================================
Received Import Request.
  Time since last request: 3.540577 seconds.
  path: Assets/ArtisticMechanics/Brat/Prefabs/Singles/In Position
  artifactKey: Guid(c556ead4de42dd447b9378af2d9360aa) Importer(815301076,1909f56bfc062723c751e8b465ee728b)
Start importing Assets/ArtisticMechanics/Brat/Prefabs/Singles/In Position using Guid(c556ead4de42dd447b9378af2d9360aa) Importer(815301076,1909f56bfc062723c751e8b465ee728b)  -> (artifact id: '26c937777b30b0950e37a49205e31911') in 0.009972 seconds
  Import took 0.014651 seconds .

========================================================================
Received Import Request.
  Time since last request: 0.044497 seconds.
  path: Assets/ArtisticMechanics/Brat/Prefabs/Singles/In Position/Battery_o.prefab
  artifactKey: Guid(ea7b58533baaa544cb5096e97e3aa2e3) Importer(815301076,1909f56bfc062723c751e8b465ee728b)
Start importing Assets/ArtisticMechanics/Brat/Prefabs/Singles/In Position/Battery_o.prefab using Guid(ea7b58533baaa544cb5096e97e3aa2e3) Importer(815301076,1909f56bfc062723c751e8b465ee728b)  -> (artifact id: 'abb2de12a1038475d003e4823f9b47e6') in 0.837192 seconds
  Import took 0.847187 seconds .

========================================================================
Received Import Request.
  Time since last request: 0.000671 seconds.
  path: Assets/ArtisticMechanics/Brat/Prefabs/Singles/In Position/Rear Axle_a.prefab
  artifactKey: Guid(f95a39bff0a1c6846a0b123750e41aea) Importer(815301076,1909f56bfc062723c751e8b465ee728b)
Start importing Assets/ArtisticMechanics/Brat/Prefabs/Singles/In Position/Rear Axle_a.prefab using Guid(f95a39bff0a1c6846a0b123750e41aea) Importer(815301076,1909f56bfc062723c751e8b465ee728b)  -> (artifact id: '594317051fe0e073ef9d55c809a0c044') in 0.052382 seconds
  Import took 0.061216 seconds .

========================================================================
Received Import Request.
  Time since last request: 0.000643 seconds.
  path: Assets/ArtisticMechanics/Brat/Prefabs/Singles/In Position/CLASSIC Engine_a.prefab
  artifactKey: Guid(c3b6d98724e6189468b4fe4ff68bcb54) Importer(815301076,1909f56bfc062723c751e8b465ee728b)
Start importing Assets/ArtisticMechanics/Brat/Prefabs/Singles/In Position/CLASSIC Engine_a.prefab using Guid(c3b6d98724e6189468b4fe4ff68bcb54) Importer(815301076,1909f56bfc062723c751e8b465ee728b)  -> (artifact id: 'cd41babdad315e6608bb2096de8d925c') in 0.045538 seconds
  Import took 0.052110 seconds .

========================================================================
Received Import Request.
  Time since last request: 0.000469 seconds.
  path: Assets/ArtisticMechanics/Brat/Prefabs/Singles/In Position/MUTT Front Brakes_n.prefab
  artifactKey: Guid(c299e542acfb3534c93b4ebbd9ba8c74) Importer(815301076,1909f56bfc062723c751e8b465ee728b)
Start importing Assets/ArtisticMechanics/Brat/Prefabs/Singles/In Position/MUTT Front Brakes_n.prefab using Guid(c299e542acfb3534c93b4ebbd9ba8c74) Importer(815301076,1909f56bfc062723c751e8b465ee728b)  -> (artifact id: '6cf6b511f6e680d936f12c6a877df3ad') in 0.038998 seconds
  Import took 0.044651 seconds .

========================================================================
Received Import Request.
  Time since last request: 0.000485 seconds.
  path: Assets/ArtisticMechanics/Brat/Prefabs/Singles/In Position/SCRAMBLER Right exhaust_o.prefab
  artifactKey: Guid(a75e072c1644cfa449c632ae1e21c723) Importer(815301076,1909f56bfc062723c751e8b465ee728b)
Start importing Assets/ArtisticMechanics/Brat/Prefabs/Singles/In Position/SCRAMBLER Right exhaust_o.prefab using Guid(a75e072c1644cfa449c632ae1e21c723) Importer(815301076,1909f56bfc062723c751e8b465ee728b)  -> (artifact id: '78df7ee6e13095eae4efe71fe69f403c') in 0.034067 seconds
  Import took 0.040755 seconds .

========================================================================
Received Import Request.
  Time since last request: 0.000500 seconds.
  path: Assets/ArtisticMechanics/Brat/Prefabs/Singles/In Position/CLASSIC Left Front Suspension_n.prefab
  artifactKey: Guid(8cfc476752dc48246839575d266d3436) Importer(815301076,1909f56bfc062723c751e8b465ee728b)
Start importing Assets/ArtisticMechanics/Brat/Prefabs/Singles/In Position/CLASSIC Left Front Suspension_n.prefab using Guid(8cfc476752dc48246839575d266d3436) Importer(815301076,1909f56bfc062723c751e8b465ee728b)  -> (artifact id: '5082b056a2d9c4196e534451cdf51e58') in 0.038223 seconds
  Import took 0.046322 seconds .

========================================================================
Received Import Request.
  Time since last request: 0.000479 seconds.
  path: Assets/ArtisticMechanics/Brat/Prefabs/Singles/In Position/MUTT Headlights_a.prefab
  artifactKey: Guid(bb2a2dc2edbc366468a4c451ce754df0) Importer(815301076,1909f56bfc062723c751e8b465ee728b)
Start importing Assets/ArtisticMechanics/Brat/Prefabs/Singles/In Position/MUTT Headlights_a.prefab using Guid(bb2a2dc2edbc366468a4c451ce754df0) Importer(815301076,1909f56bfc062723c751e8b465ee728b)  -> (artifact id: '33ed3576c43596863449350210e8ef29') in 0.035350 seconds
  Import took 0.041332 seconds .

========================================================================
Received Import Request.
  Time since last request: 0.000602 seconds.
  path: Assets/ArtisticMechanics/Brat/Prefabs/Singles/In Position/Rear Brake Calliper_a.prefab
  artifactKey: Guid(b1cf40790179b5541a1febc0b2fe5e11) Importer(815301076,1909f56bfc062723c751e8b465ee728b)
Start importing Assets/ArtisticMechanics/Brat/Prefabs/Singles/In Position/Rear Brake Calliper_a.prefab using Guid(b1cf40790179b5541a1febc0b2fe5e11) Importer(815301076,1909f56bfc062723c751e8b465ee728b)  -> (artifact id: 'ca8bdc8509aeaf81d46c9b00ed61788b') in 0.036976 seconds
  Import took 0.043938 seconds .

========================================================================
Received Import Request.
  Time since last request: 0.000646 seconds.
  path: Assets/ArtisticMechanics/Brat/Prefabs/Singles/In Position/MUTT Right Back Suspension_n.prefab
  artifactKey: Guid(b595a8418058f0640902e612966efe6b) Importer(815301076,1909f56bfc062723c751e8b465ee728b)
Start importing Assets/ArtisticMechanics/Brat/Prefabs/Singles/In Position/MUTT Right Back Suspension_n.prefab using Guid(b595a8418058f0640902e612966efe6b) Importer(815301076,1909f56bfc062723c751e8b465ee728b)  -> (artifact id: 'd20233f6dd64f1245827ae65faca2820') in 0.036046 seconds
  Import took 0.042659 seconds .

========================================================================
Received Import Request.
  Time since last request: 0.000483 seconds.
  path: Assets/ArtisticMechanics/Brat/Prefabs/Singles/In Position/TRACKER Left exhaust_a.prefab
  artifactKey: Guid(4bfcd8a42de178c4ba7a14b81130b20a) Importer(815301076,1909f56bfc062723c751e8b465ee728b)
Start importing Assets/ArtisticMechanics/Brat/Prefabs/Singles/In Position/TRACKER Left exhaust_a.prefab using Guid(4bfcd8a42de178c4ba7a14b81130b20a) Importer(815301076,1909f56bfc062723c751e8b465ee728b)  -> (artifact id: '0a5f121f44dc3e71b6c6834d318b50e3') in 0.034734 seconds
  Import took 0.040441 seconds .

========================================================================
Received Import Request.
  Time since last request: 0.000504 seconds.
  path: Assets/ArtisticMechanics/Brat/Prefabs/Singles/In Position/CLASSIC Right Front Suspension_n.prefab
  artifactKey: Guid(293f30bc5704b8147b9b31016ea746c4) Importer(815301076,1909f56bfc062723c751e8b465ee728b)
Start importing Assets/ArtisticMechanics/Brat/Prefabs/Singles/In Position/CLASSIC Right Front Suspension_n.prefab using Guid(293f30bc5704b8147b9b31016ea746c4) Importer(815301076,1909f56bfc062723c751e8b465ee728b)  -> (artifact id: '82927c91b7aa3c7e128772664db8c262') in 0.040140 seconds
  Import took 0.045718 seconds .

========================================================================
Received Import Request.
  Time since last request: 0.000512 seconds.
  path: Assets/ArtisticMechanics/Brat/Prefabs/Singles/In Position/Stand Down_o.prefab
  artifactKey: Guid(352d951ec976a34468dc8438647e67e2) Importer(815301076,1909f56bfc062723c751e8b465ee728b)
Start importing Assets/ArtisticMechanics/Brat/Prefabs/Singles/In Position/Stand Down_o.prefab using Guid(352d951ec976a34468dc8438647e67e2) Importer(815301076,1909f56bfc062723c751e8b465ee728b)  -> (artifact id: '6e9ab02f54e1b69ec4bcd9dad22710d4') in 0.033152 seconds
  Import took 0.040506 seconds .

========================================================================
Received Import Request.
  Time since last request: 0.000554 seconds.
  path: Assets/ArtisticMechanics/Brat/Prefabs/Singles/In Position/TRACKER Gastank_a.prefab
  artifactKey: Guid(939391c0354ee464bb1e51d6095e5de2) Importer(815301076,1909f56bfc062723c751e8b465ee728b)
Start importing Assets/ArtisticMechanics/Brat/Prefabs/Singles/In Position/TRACKER Gastank_a.prefab using Guid(939391c0354ee464bb1e51d6095e5de2) Importer(815301076,1909f56bfc062723c751e8b465ee728b)  -> (artifact id: 'a9770f7374a8ec8bd06c73cbc767cf2e') in 0.038324 seconds
  Import took 0.044783 seconds .

========================================================================
Received Import Request.
  Time since last request: 0.000471 seconds.
  path: Assets/ArtisticMechanics/Brat/Prefabs/Singles/In Position/BOBBER Steering_o.prefab
  artifactKey: Guid(0dedbbd680586974cbca2a67ffb81c02) Importer(815301076,1909f56bfc062723c751e8b465ee728b)
Start importing Assets/ArtisticMechanics/Brat/Prefabs/Singles/In Position/BOBBER Steering_o.prefab using Guid(0dedbbd680586974cbca2a67ffb81c02) Importer(815301076,1909f56bfc062723c751e8b465ee728b)  -> (artifact id: 'bf1cc58544c0b784546d68fe5043ff70') in 0.035323 seconds
  Import took 0.041430 seconds .

========================================================================
Received Import Request.
  Time since last request: 0.000485 seconds.
  path: Assets/ArtisticMechanics/Brat/Prefabs/Singles/In Position/MUTT Taillights_o.prefab
  artifactKey: Guid(b324b448b2c08f347806975a198904b1) Importer(815301076,1909f56bfc062723c751e8b465ee728b)
Start importing Assets/ArtisticMechanics/Brat/Prefabs/Singles/In Position/MUTT Taillights_o.prefab using Guid(b324b448b2c08f347806975a198904b1) Importer(815301076,1909f56bfc062723c751e8b465ee728b)  -> (artifact id: '840d9eb8f05bd9eccd7bf2816b45d8d1') in 0.034908 seconds
  Import took 0.041959 seconds .

========================================================================
Received Import Request.
  Time since last request: 0.000498 seconds.
  path: Assets/ArtisticMechanics/Brat/Prefabs/Singles/In Position/MUTT Front Mudguard_n.prefab
  artifactKey: Guid(fc37166b7ac1b6f438a82a0cab06a291) Importer(815301076,1909f56bfc062723c751e8b465ee728b)
Start importing Assets/ArtisticMechanics/Brat/Prefabs/Singles/In Position/MUTT Front Mudguard_n.prefab using Guid(fc37166b7ac1b6f438a82a0cab06a291) Importer(815301076,1909f56bfc062723c751e8b465ee728b)  -> (artifact id: '34bf28570c7bbb4871f1f497b243e927') in 0.034753 seconds
  Import took 0.040685 seconds .

========================================================================
Received Import Request.
  Time since last request: 0.000475 seconds.
  path: Assets/ArtisticMechanics/Brat/Prefabs/Singles/In Position/Front Right Brake Calliper_a.prefab
  artifactKey: Guid(2d48a4a96bc2d9d4e903206017601ac0) Importer(815301076,1909f56bfc062723c751e8b465ee728b)
Start importing Assets/ArtisticMechanics/Brat/Prefabs/Singles/In Position/Front Right Brake Calliper_a.prefab using Guid(2d48a4a96bc2d9d4e903206017601ac0) Importer(815301076,1909f56bfc062723c751e8b465ee728b)  -> (artifact id: 'f0c8da721d1077bcee3402f51dd54ff3') in 0.038210 seconds
  Import took 0.044246 seconds .

========================================================================
Received Import Request.
  Time since last request: 0.000478 seconds.
  path: Assets/ArtisticMechanics/Brat/Prefabs/Singles/In Position/SCRAMBLER Seat_o.prefab
  artifactKey: Guid(260956d07ec37764789c62615c19a80f) Importer(815301076,1909f56bfc062723c751e8b465ee728b)
Start importing Assets/ArtisticMechanics/Brat/Prefabs/Singles/In Position/SCRAMBLER Seat_o.prefab using Guid(260956d07ec37764789c62615c19a80f) Importer(815301076,1909f56bfc062723c751e8b465ee728b)  -> (artifact id: '4c31cc4c4687a4e6068f20e69c0e9291') in 0.039165 seconds
  Import took 0.045900 seconds .

========================================================================
Received Import Request.
  Time since last request: 0.000445 seconds.
  path: Assets/ArtisticMechanics/Brat/Prefabs/Singles/In Position/CLASSIC Rear Tyre_n.prefab
  artifactKey: Guid(c45188b96a8190d448734ae7cc9a97a8) Importer(815301076,1909f56bfc062723c751e8b465ee728b)
Start importing Assets/ArtisticMechanics/Brat/Prefabs/Singles/In Position/CLASSIC Rear Tyre_n.prefab using Guid(c45188b96a8190d448734ae7cc9a97a8) Importer(815301076,1909f56bfc062723c751e8b465ee728b)  -> (artifact id: '8bd67d5786aaff782e7976f09e196ddb') in 0.034777 seconds
  Import took 0.040742 seconds .

========================================================================
Received Import Request.
  Time since last request: 0.000494 seconds.
  path: Assets/ArtisticMechanics/Brat/Prefabs/Singles/In Position/Front Axle_a.prefab
  artifactKey: Guid(08e12bfbda71d61428b0fe6ac3d59d5a) Importer(815301076,1909f56bfc062723c751e8b465ee728b)
Start importing Assets/ArtisticMechanics/Brat/Prefabs/Singles/In Position/Front Axle_a.prefab using Guid(08e12bfbda71d61428b0fe6ac3d59d5a) Importer(815301076,1909f56bfc062723c751e8b465ee728b)  -> (artifact id: '9f724ea6c09998db1f6c509dab912d43') in 0.053995 seconds
  Import took 0.060014 seconds .

========================================================================
Received Import Request.
  Time since last request: 0.000457 seconds.
  path: Assets/ArtisticMechanics/Brat/Prefabs/Singles/In Position/Stand Up_o.prefab
  artifactKey: Guid(7ceb5255e18813549b101a630ec23620) Importer(815301076,1909f56bfc062723c751e8b465ee728b)
Start importing Assets/ArtisticMechanics/Brat/Prefabs/Singles/In Position/Stand Up_o.prefab using Guid(7ceb5255e18813549b101a630ec23620) Importer(815301076,1909f56bfc062723c751e8b465ee728b)  -> (artifact id: '490b4755ec84174a1844ccd737a70918') in 0.032160 seconds
  Import took 0.038365 seconds .

========================================================================
Received Import Request.
  Time since last request: 0.000469 seconds.
  path: Assets/ArtisticMechanics/Brat/Prefabs/Singles/In Position/MUTT Rear Brakes_n.prefab
  artifactKey: Guid(0e975f262d4f9d347819c8aab5b3dcfd) Importer(815301076,1909f56bfc062723c751e8b465ee728b)
Start importing Assets/ArtisticMechanics/Brat/Prefabs/Singles/In Position/MUTT Rear Brakes_n.prefab using Guid(0e975f262d4f9d347819c8aab5b3dcfd) Importer(815301076,1909f56bfc062723c751e8b465ee728b)  -> (artifact id: '20f1f75d27881d556db7c815e3c966c1') in 0.036735 seconds
  Import took 0.042520 seconds .

========================================================================
Received Import Request.
  Time since last request: 0.000487 seconds.
  path: Assets/ArtisticMechanics/Brat/Prefabs/Singles/In Position/MUTT Left Back Suspension_n.prefab
  artifactKey: Guid(1dab576af0bfc1f429a35daaef002727) Importer(815301076,1909f56bfc062723c751e8b465ee728b)
Start importing Assets/ArtisticMechanics/Brat/Prefabs/Singles/In Position/MUTT Left Back Suspension_n.prefab using Guid(1dab576af0bfc1f429a35daaef002727) Importer(815301076,1909f56bfc062723c751e8b465ee728b)  -> (artifact id: 'b5e9f0f919972d5954bbc43f32bc6120') in 0.039625 seconds
  Import took 0.045374 seconds .

========================================================================
Received Import Request.
  Time since last request: 0.000668 seconds.
  path: Assets/ArtisticMechanics/Brat/Prefabs/Singles/In Position/TRACKER Rear Rim_n.prefab
  artifactKey: Guid(0b89b58f894c1c34ea407cddcdd5d663) Importer(815301076,1909f56bfc062723c751e8b465ee728b)
Start importing Assets/ArtisticMechanics/Brat/Prefabs/Singles/In Position/TRACKER Rear Rim_n.prefab using Guid(0b89b58f894c1c34ea407cddcdd5d663) Importer(815301076,1909f56bfc062723c751e8b465ee728b)  -> (artifact id: 'e058fe061568c60cda0dbe2f76c16486') in 0.034820 seconds
  Import took 0.041299 seconds .

========================================================================
Received Import Request.
  Time since last request: 0.000493 seconds.
  path: Assets/ArtisticMechanics/Brat/Prefabs/Singles/In Position/BOBBER Chassis_o.prefab
  artifactKey: Guid(8240d83ea4e504643b6a2fd275290ed6) Importer(815301076,1909f56bfc062723c751e8b465ee728b)
Start importing Assets/ArtisticMechanics/Brat/Prefabs/Singles/In Position/BOBBER Chassis_o.prefab using Guid(8240d83ea4e504643b6a2fd275290ed6) Importer(815301076,1909f56bfc062723c751e8b465ee728b)  -> (artifact id: '4d2ea6478d7a2fb2731f8e82997f5f48') in 0.039636 seconds
  Import took 0.046122 seconds .

========================================================================
Received Import Request.
  Time since last request: 0.000471 seconds.
  path: Assets/ArtisticMechanics/Brat/Prefabs/Singles/In Position/BOBBER Front Rim_o.prefab
  artifactKey: Guid(3785da7bd89b7594382b29cd192f2762) Importer(815301076,1909f56bfc062723c751e8b465ee728b)
Start importing Assets/ArtisticMechanics/Brat/Prefabs/Singles/In Position/BOBBER Front Rim_o.prefab using Guid(3785da7bd89b7594382b29cd192f2762) Importer(815301076,1909f56bfc062723c751e8b465ee728b)  -> (artifact id: '424bbba527c9659d861017cc921df03d') in 0.040678 seconds
  Import took 0.046940 seconds .

========================================================================
Received Import Request.
  Time since last request: 0.000526 seconds.
  path: Assets/ArtisticMechanics/Brat/Prefabs/Singles/In Position/CLASSIC Front Tyre_n.prefab
  artifactKey: Guid(45cf95fbd2b691b41b973ea1794ae3e9) Importer(815301076,1909f56bfc062723c751e8b465ee728b)
Start importing Assets/ArtisticMechanics/Brat/Prefabs/Singles/In Position/CLASSIC Front Tyre_n.prefab using Guid(45cf95fbd2b691b41b973ea1794ae3e9) Importer(815301076,1909f56bfc062723c751e8b465ee728b)  -> (artifact id: '441a9d9be271767d2533c5fc865bbeee') in 0.033879 seconds
  Import took 0.040444 seconds .

========================================================================
Received Import Request.
  Time since last request: 0.000470 seconds.
  path: Assets/ArtisticMechanics/Brat/Prefabs/Singles/In Position/MUTT Rear Mudguard_n.prefab
  artifactKey: Guid(850ecc12f87be654aa1f1c202eaa0bf9) Importer(815301076,1909f56bfc062723c751e8b465ee728b)
Start importing Assets/ArtisticMechanics/Brat/Prefabs/Singles/In Position/MUTT Rear Mudguard_n.prefab using Guid(850ecc12f87be654aa1f1c202eaa0bf9) Importer(815301076,1909f56bfc062723c751e8b465ee728b)  -> (artifact id: '8f792409b27ad028c65e1139ff707935') in 0.036289 seconds
  Import took 0.042924 seconds .

========================================================================
Received Import Request.
  Time since last request: 5.489662 seconds.
  path: Assets/ArtisticMechanics/Brat/Prefabs/Sets
  artifactKey: Guid(1ddace5dd9d29a04bab3ce85850f546a) Importer(815301076,1909f56bfc062723c751e8b465ee728b)
Start importing Assets/ArtisticMechanics/Brat/Prefabs/Sets using Guid(1ddace5dd9d29a04bab3ce85850f546a) Importer(815301076,1909f56bfc062723c751e8b465ee728b)  -> (artifact id: '540dd96c823d12e32762c5ca352ca137') in 0.009857 seconds
  Import took 0.014912 seconds .

========================================================================
Received Import Request.
  Time since last request: 0.006935 seconds.
  path: Assets/ArtisticMechanics/Brat/Prefabs/Sets/Brat Stand down Set.prefab
  artifactKey: Guid(1c0ca1908d26e9b4a973dfd2a53999e4) Importer(815301076,1909f56bfc062723c751e8b465ee728b)
Start importing Assets/ArtisticMechanics/Brat/Prefabs/Sets/Brat Stand down Set.prefab using Guid(1c0ca1908d26e9b4a973dfd2a53999e4) Importer(815301076,1909f56bfc062723c751e8b465ee728b)  -> (artifact id: 'fc2e3a844d9440a296e244962d640f3d') in 0.125034 seconds
  Import took 0.136738 seconds .

========================================================================
Received Import Request.
  Time since last request: 0.000615 seconds.
  path: Assets/ArtisticMechanics/Brat/Prefabs/Sets/Brat Stand up Set.prefab
  artifactKey: Guid(44e7f5e473d61e144bfb79b854a743c4) Importer(815301076,1909f56bfc062723c751e8b465ee728b)
Start importing Assets/ArtisticMechanics/Brat/Prefabs/Sets/Brat Stand up Set.prefab using Guid(44e7f5e473d61e144bfb79b854a743c4) Importer(815301076,1909f56bfc062723c751e8b465ee728b)  -> (artifact id: 'd227685020d4fead74e5f8a531ffd9cb') in 0.087685 seconds
  Import took 0.097898 seconds .

========================================================================
Received Import Request.
  Time since last request: 247.185300 seconds.
  path: Assets/Urban American Assets/Props/Vehicles/Source
  artifactKey: Guid(9df3c58b4e1165548a1a905458a2ec56) Importer(815301076,1909f56bfc062723c751e8b465ee728b)
Start importing Assets/Urban American Assets/Props/Vehicles/Source using Guid(9df3c58b4e1165548a1a905458a2ec56) Importer(815301076,1909f56bfc062723c751e8b465ee728b)  -> (artifact id: '94f200ab86d847ce01321aea1e74d396') in 0.020131 seconds
  Import took 0.113302 seconds .

========================================================================
Received Import Request.
  Time since last request: 0.000466 seconds.
  path: Assets/Urban American Assets/Props/Vehicles/Source/Car2.PSD
  artifactKey: Guid(5a7b3bda83515984e8dd12c6815f25a9) Importer(815301076,1909f56bfc062723c751e8b465ee728b)
Start importing Assets/Urban American Assets/Props/Vehicles/Source/Car2.PSD using Guid(5a7b3bda83515984e8dd12c6815f25a9) Importer(815301076,1909f56bfc062723c751e8b465ee728b)  -> (artifact id: 'c94d2eda8ad1a0239e2786e92d76ea1e') in 0.032808 seconds
  Import took 0.037004 seconds .

========================================================================
Received Import Request.
  Time since last request: 0.000301 seconds.
  path: Assets/Urban American Assets/Props/Vehicles/Source/carvan.PSD
  artifactKey: Guid(05254825a4eca4f4c9d6fd546229b1d9) Importer(815301076,1909f56bfc062723c751e8b465ee728b)
Start importing Assets/Urban American Assets/Props/Vehicles/Source/carvan.PSD using Guid(05254825a4eca4f4c9d6fd546229b1d9) Importer(815301076,1909f56bfc062723c751e8b465ee728b)  -> (artifact id: '38d1cdf3f30668cc16525a99f8d8258d') in 0.021033 seconds
  Import took 0.025695 seconds .

========================================================================
Received Import Request.
  Time since last request: 0.000396 seconds.
  path: Assets/Urban American Assets/Props/Vehicles/Source/TrafficCars.FBX
  artifactKey: Guid(0053170aa403f354ba416b1fcf4d77b5) Importer(815301076,1909f56bfc062723c751e8b465ee728b)
Start importing Assets/Urban American Assets/Props/Vehicles/Source/TrafficCars.FBX using Guid(0053170aa403f354ba416b1fcf4d77b5) Importer(815301076,1909f56bfc062723c751e8b465ee728b)  -> (artifact id: '80431a79bb253e881b8a9156b8cd667c') in 0.495081 seconds
  Import took 0.502473 seconds .

========================================================================
Received Import Request.
  Time since last request: 0.000545 seconds.
  path: Assets/Urban American Assets/Props/Vehicles/Source/CarBus.psd
  artifactKey: Guid(585b067114173d647866cc6b7fe8b3a6) Importer(815301076,1909f56bfc062723c751e8b465ee728b)
Start importing Assets/Urban American Assets/Props/Vehicles/Source/CarBus.psd using Guid(585b067114173d647866cc6b7fe8b3a6) Importer(815301076,1909f56bfc062723c751e8b465ee728b)  -> (artifact id: 'c8318f057e0698c2413e0f408cbde2d8') in 0.032028 seconds
  Import took 0.039110 seconds .

========================================================================
Received Import Request.
  Time since last request: 0.000458 seconds.
  path: Assets/Urban American Assets/Props/Vehicles/Source/car1.psd
  artifactKey: Guid(693b2f57e776c8145acc56229b61cb66) Importer(815301076,1909f56bfc062723c751e8b465ee728b)
Start importing Assets/Urban American Assets/Props/Vehicles/Source/car1.psd using Guid(693b2f57e776c8145acc56229b61cb66) Importer(815301076,1909f56bfc062723c751e8b465ee728b)  -> (artifact id: 'a4ef4b26cb4607606b6b3c09229b2e8f') in 0.038155 seconds
  Import took 0.044509 seconds .

========================================================================
Received Import Request.
  Time since last request: 0.000496 seconds.
  path: Assets/Urban American Assets/Props/Vehicles/Source/CarPack.FBX
  artifactKey: Guid(e9d96ffec57c82c4face56ee1063eb87) Importer(815301076,1909f56bfc062723c751e8b465ee728b)
Start importing Assets/Urban American Assets/Props/Vehicles/Source/CarPack.FBX using Guid(e9d96ffec57c82c4face56ee1063eb87) Importer(815301076,1909f56bfc062723c751e8b465ee728b)  -> (artifact id: '7a8a79f83ffe6c7b38b2f43e819ddef3') in 0.397647 seconds
  Import took 0.404197 seconds .

========================================================================
Received Import Request.
  Time since last request: 0.000487 seconds.
  path: Assets/Urban American Assets/Props/Vehicles/Source/CarWag.psd
  artifactKey: Guid(a9a6de314a04125489ad153bcde0e9b0) Importer(815301076,1909f56bfc062723c751e8b465ee728b)
Start importing Assets/Urban American Assets/Props/Vehicles/Source/CarWag.psd using Guid(a9a6de314a04125489ad153bcde0e9b0) Importer(815301076,1909f56bfc062723c751e8b465ee728b)  -> (artifact id: 'ce7be4f6285a4038cc398b2cc8e1848c') in 0.058867 seconds
  Import took 0.064653 seconds .

========================================================================
Received Import Request.
  Time since last request: 0.000482 seconds.
  path: Assets/Urban American Assets/Props/Vehicles/Source/CarTaxi.psd
  artifactKey: Guid(83cf6adc426e51d4781bced09b79a82d) Importer(815301076,1909f56bfc062723c751e8b465ee728b)
Start importing Assets/Urban American Assets/Props/Vehicles/Source/CarTaxi.psd using Guid(83cf6adc426e51d4781bced09b79a82d) Importer(815301076,1909f56bfc062723c751e8b465ee728b)  -> (artifact id: '1933e136f703e854ca74e2ff2bda4f0a') in 0.025577 seconds
  Import took 0.033495 seconds .

========================================================================
Received Import Request.
  Time since last request: 0.000492 seconds.
  path: Assets/Urban American Assets/Props/Vehicles/Source/CarSuv.psd
  artifactKey: Guid(90831b74bd0c3fa478ed1b631cc023f1) Importer(815301076,1909f56bfc062723c751e8b465ee728b)
Start importing Assets/Urban American Assets/Props/Vehicles/Source/CarSuv.psd using Guid(90831b74bd0c3fa478ed1b631cc023f1) Importer(815301076,1909f56bfc062723c751e8b465ee728b)  -> (artifact id: '0c76b28dab26e899cc42a7f6288fcc3c') in 0.024065 seconds
  Import took 0.030554 seconds .

========================================================================
Received Import Request.
  Time since last request: 0.000486 seconds.
  path: Assets/Urban American Assets/Props/Vehicles/Source/trafficCars.PSD
  artifactKey: Guid(0447c62bcaa3c424c8e75653f20bff28) Importer(815301076,1909f56bfc062723c751e8b465ee728b)
Start importing Assets/Urban American Assets/Props/Vehicles/Source/trafficCars.PSD using Guid(0447c62bcaa3c424c8e75653f20bff28) Importer(815301076,1909f56bfc062723c751e8b465ee728b)  -> (artifact id: '605b073b58928a807636aa1f5c1159d4') in 0.026563 seconds
  Import took 0.032721 seconds .

========================================================================
Received Import Request.
  Time since last request: 0.000469 seconds.
  path: Assets/Urban American Assets/Props/Vehicles/Source/CarRig.psd
  artifactKey: Guid(2449818001d639347af4d2c5b988c606) Importer(815301076,1909f56bfc062723c751e8b465ee728b)
Start importing Assets/Urban American Assets/Props/Vehicles/Source/CarRig.psd using Guid(2449818001d639347af4d2c5b988c606) Importer(815301076,1909f56bfc062723c751e8b465ee728b)  -> (artifact id: 'f83bd3606c7310652ab4d2c527049f0a') in 0.042756 seconds
  Import took 0.049046 seconds .

========================================================================
Received Import Request.
  Time since last request: 0.000626 seconds.
  path: Assets/Urban American Assets/Props/Vehicles/Source/CarTaxiB.PSD
  artifactKey: Guid(5580e8d795e70c34eba7199d97067b25) Importer(815301076,1909f56bfc062723c751e8b465ee728b)
Start importing Assets/Urban American Assets/Props/Vehicles/Source/CarTaxiB.PSD using Guid(5580e8d795e70c34eba7199d97067b25) Importer(815301076,1909f56bfc062723c751e8b465ee728b)  -> (artifact id: '9f53f3320fbf608818964bb16bd33bc3') in 0.024008 seconds
  Import took 0.030143 seconds .

========================================================================
Received Import Request.
  Time since last request: 0.000505 seconds.
  path: Assets/Urban American Assets/Props/Vehicles/Source/CarPolice.psd
  artifactKey: Guid(e2ae23e0eb3a12e42a45d9659bc5569c) Importer(815301076,1909f56bfc062723c751e8b465ee728b)
Start importing Assets/Urban American Assets/Props/Vehicles/Source/CarPolice.psd using Guid(e2ae23e0eb3a12e42a45d9659bc5569c) Importer(815301076,1909f56bfc062723c751e8b465ee728b)  -> (artifact id: 'a60fac5787e40fda289320c2bbbf1ae9') in 0.036141 seconds
  Import took 0.042335 seconds .

========================================================================
Received Import Request.
  Time since last request: 671.042636 seconds.
  path: Assets/New Material 1.mat
  artifactKey: Guid(bc78306156383844791776ed245f2689) Importer(815301076,1909f56bfc062723c751e8b465ee728b)
Start importing Assets/New Material 1.mat using Guid(bc78306156383844791776ed245f2689) Importer(815301076,1909f56bfc062723c751e8b465ee728b)  -> (artifact id: 'fa34503814371b50cbbcaf01667d6d84') in 0.083783 seconds
  Import took 0.097632 seconds .

========================================================================
Received Prepare
Registering precompiled user dll's ...
Registered in 0.009512 seconds.
Begin MonoManager ReloadAssembly
Native extension for WindowsStandalone target not found
Native extension for WebGL target not found
Refreshing native plugins compatible for Editor in 1.51 ms, found 2 plugins.
Preloading 0 native plugins for Editor in 0.00 ms.
Mono: successfully reloaded assembly
- Completed reload, in  3.102 seconds
Platform modules already initialized, skipping
Refreshing native plugins compatible for Editor in 1.40 ms, found 2 plugins.
Preloading 0 native plugins for Editor in 0.00 ms.
Unloading 1681 Unused Serialized files (Serialized files now loaded: 0)
System memory in use before: 95.0 MB.
System memory in use after: 95.1 MB.

Unloading 15 unused Assets to reduce memory usage. Loaded Objects now: 2199.
Total: 8.807000 ms (FindLiveObjects: 0.725000 ms CreateObjectMapping: 0.305200 ms MarkObjects: 7.474300 ms  DeleteObjects: 0.298500 ms)

========================================================================
Received Import Request.
  Time since last request: 389.955633 seconds.
  path: Assets/BrokenVector/LowPolyCarPack/Prefabs/Bus_Blue.prefab
  artifactKey: Guid(88c9792d12fc0574d93568b531a1917c) Importer(815301076,1909f56bfc062723c751e8b465ee728b)
Start importing Assets/BrokenVector/LowPolyCarPack/Prefabs/Bus_Blue.prefab using Guid(88c9792d12fc0574d93568b531a1917c) Importer(815301076,1909f56bfc062723c751e8b465ee728b)  -> (artifact id: '3200f50c4e9f978a687f1403e2170f06') in 0.694577 seconds
  Import took 0.706785 seconds .

========================================================================
Received Import Request.
  Time since last request: 0.000744 seconds.
  path: Assets/BrokenVector/LowPolyCarPack/Prefabs/Car_2_Green.prefab
  artifactKey: Guid(4d4a5328e032911409d8d973eee79df4) Importer(815301076,1909f56bfc062723c751e8b465ee728b)
Start importing Assets/BrokenVector/LowPolyCarPack/Prefabs/Car_2_Green.prefab using Guid(4d4a5328e032911409d8d973eee79df4) Importer(815301076,1909f56bfc062723c751e8b465ee728b)  -> (artifact id: '2b8b3a89649cda54cab5976c4754f420') in 0.057424 seconds
  Import took 0.068033 seconds .

========================================================================
Received Import Request.
  Time since last request: 0.000680 seconds.
  path: Assets/BrokenVector/LowPolyCarPack/Prefabs/Car_4_Purple.prefab
  artifactKey: Guid(af1ac63e97bac7443a056ef936b7d425) Importer(815301076,1909f56bfc062723c751e8b465ee728b)
Start importing Assets/BrokenVector/LowPolyCarPack/Prefabs/Car_4_Purple.prefab using Guid(af1ac63e97bac7443a056ef936b7d425) Importer(815301076,1909f56bfc062723c751e8b465ee728b)  -> (artifact id: 'f31750d3af2f78c8cf259fd82496c827') in 0.059365 seconds
  Import took 0.074170 seconds .

========================================================================
Received Import Request.
  Time since last request: 0.000760 seconds.
  path: Assets/BrokenVector/LowPolyCarPack/Prefabs/Car_2_Silver.prefab
  artifactKey: Guid(812e3f763be51a143bb1d937f48c31f2) Importer(815301076,1909f56bfc062723c751e8b465ee728b)
Start importing Assets/BrokenVector/LowPolyCarPack/Prefabs/Car_2_Silver.prefab using Guid(812e3f763be51a143bb1d937f48c31f2) Importer(815301076,1909f56bfc062723c751e8b465ee728b)  -> (artifact id: '304dc90425314efe0f9472f382c36bb4') in 0.055489 seconds
  Import took 0.065826 seconds .

========================================================================
Received Import Request.
  Time since last request: 0.000534 seconds.
  path: Assets/BrokenVector/LowPolyCarPack/Prefabs/Car_3_Yellow.prefab
  artifactKey: Guid(610632f6f09812d4aa5ce111a109eb86) Importer(815301076,1909f56bfc062723c751e8b465ee728b)
Start importing Assets/BrokenVector/LowPolyCarPack/Prefabs/Car_3_Yellow.prefab using Guid(610632f6f09812d4aa5ce111a109eb86) Importer(815301076,1909f56bfc062723c751e8b465ee728b)  -> (artifact id: 'a1d0c6e8dd854e24f87eb5ea61bf6c99') in 0.072909 seconds
  Import took 0.081103 seconds .

========================================================================
Received Import Request.
  Time since last request: 0.000553 seconds.
  path: Assets/BrokenVector/LowPolyCarPack/Prefabs/Car_1_Green.prefab
  artifactKey: Guid(039320a8f4b60c445acfae631ac0214f) Importer(815301076,1909f56bfc062723c751e8b465ee728b)
Start importing Assets/BrokenVector/LowPolyCarPack/Prefabs/Car_1_Green.prefab using Guid(039320a8f4b60c445acfae631ac0214f) Importer(815301076,1909f56bfc062723c751e8b465ee728b)  -> (artifact id: '7f46e066a0ce3ca28d83efefab8e2296') in 0.045474 seconds
  Import took 0.054145 seconds .

========================================================================
Received Import Request.
  Time since last request: 0.000518 seconds.
  path: Assets/BrokenVector/LowPolyCarPack/Prefabs/Car_3_Green.prefab
  artifactKey: Guid(c0b5a1ab38a43044a91864eb9b9fbede) Importer(815301076,1909f56bfc062723c751e8b465ee728b)
Start importing Assets/BrokenVector/LowPolyCarPack/Prefabs/Car_3_Green.prefab using Guid(c0b5a1ab38a43044a91864eb9b9fbede) Importer(815301076,1909f56bfc062723c751e8b465ee728b)  -> (artifact id: '22c50ed9421d498b35f93ecffce166df') in 0.050881 seconds
  Import took 0.060072 seconds .

========================================================================
Received Import Request.
  Time since last request: 0.000608 seconds.
  path: Assets/BrokenVector/LowPolyCarPack/Prefabs/Car_4_Red.prefab
  artifactKey: Guid(6a76d3dcd348f084685cb525458806e1) Importer(815301076,1909f56bfc062723c751e8b465ee728b)
Start importing Assets/BrokenVector/LowPolyCarPack/Prefabs/Car_4_Red.prefab using Guid(6a76d3dcd348f084685cb525458806e1) Importer(815301076,1909f56bfc062723c751e8b465ee728b)  -> (artifact id: 'de31da60c253369ddb7fe39f4a929903') in 0.044995 seconds
  Import took 0.054052 seconds .

========================================================================
Received Import Request.
  Time since last request: 0.000499 seconds.
  path: Assets/BrokenVector/LowPolyCarPack/Prefabs/Car_5_Red.prefab
  artifactKey: Guid(17683e3ffcde346458c0fa5f35c39b9c) Importer(815301076,1909f56bfc062723c751e8b465ee728b)
Start importing Assets/BrokenVector/LowPolyCarPack/Prefabs/Car_5_Red.prefab using Guid(17683e3ffcde346458c0fa5f35c39b9c) Importer(815301076,1909f56bfc062723c751e8b465ee728b)  -> (artifact id: '6762379ac1c020367631fb8ca7f087fa') in 0.045297 seconds
  Import took 0.054223 seconds .

========================================================================
Received Import Request.
  Time since last request: 0.000489 seconds.
  path: Assets/BrokenVector/LowPolyCarPack/Prefabs/Car_1_Purple.prefab
  artifactKey: Guid(8e633bea1c2f0644fb922e9bbe329648) Importer(815301076,1909f56bfc062723c751e8b465ee728b)
Start importing Assets/BrokenVector/LowPolyCarPack/Prefabs/Car_1_Purple.prefab using Guid(8e633bea1c2f0644fb922e9bbe329648) Importer(815301076,1909f56bfc062723c751e8b465ee728b)  -> (artifact id: 'a3f93bf46661821c693f7e593016f1c1') in 0.044931 seconds
  Import took 0.052266 seconds .

========================================================================
Received Import Request.
  Time since last request: 0.000486 seconds.
  path: Assets/BrokenVector/LowPolyCarPack/Prefabs/Bus_Yellow.prefab
  artifactKey: Guid(2ea69a4739a41bc4086858745cb2f9e1) Importer(815301076,1909f56bfc062723c751e8b465ee728b)
Start importing Assets/BrokenVector/LowPolyCarPack/Prefabs/Bus_Yellow.prefab using Guid(2ea69a4739a41bc4086858745cb2f9e1) Importer(815301076,1909f56bfc062723c751e8b465ee728b)  -> (artifact id: '0567f890d398697a77121c3a733695a7') in 0.041264 seconds
  Import took 0.048855 seconds .

========================================================================
Received Import Request.
  Time since last request: 0.000497 seconds.
  path: Assets/BrokenVector/LowPolyCarPack/Prefabs/Car_1_Blue.prefab
  artifactKey: Guid(bd428ed7f76466742916f85241c6bf17) Importer(815301076,1909f56bfc062723c751e8b465ee728b)
Start importing Assets/BrokenVector/LowPolyCarPack/Prefabs/Car_1_Blue.prefab using Guid(bd428ed7f76466742916f85241c6bf17) Importer(815301076,1909f56bfc062723c751e8b465ee728b)  -> (artifact id: '06757f82778f5430f6c90ea071acb3a9') in 0.044426 seconds
  Import took 0.052125 seconds .

========================================================================
Received Import Request.
  Time since last request: 0.000613 seconds.
  path: Assets/BrokenVector/LowPolyCarPack/Prefabs/Car_4_Silver.prefab
  artifactKey: Guid(9f14ffa559e6d214db9b0ec960921311) Importer(815301076,1909f56bfc062723c751e8b465ee728b)
Start importing Assets/BrokenVector/LowPolyCarPack/Prefabs/Car_4_Silver.prefab using Guid(9f14ffa559e6d214db9b0ec960921311) Importer(815301076,1909f56bfc062723c751e8b465ee728b)  -> (artifact id: '981d3fb2499e4c3c4202ea6358a7067d') in 0.046051 seconds
  Import took 0.053091 seconds .

========================================================================
Received Import Request.
  Time since last request: 0.000519 seconds.
  path: Assets/BrokenVector/LowPolyCarPack/Prefabs/Car_6_Silver.prefab
  artifactKey: Guid(89aba3f23076d03448c61b5cebf2ac8e) Importer(815301076,1909f56bfc062723c751e8b465ee728b)
Start importing Assets/BrokenVector/LowPolyCarPack/Prefabs/Car_6_Silver.prefab using Guid(89aba3f23076d03448c61b5cebf2ac8e) Importer(815301076,1909f56bfc062723c751e8b465ee728b)  -> (artifact id: '7702528d724d0464140e0366aa520372') in 0.042830 seconds
  Import took 0.051280 seconds .

========================================================================
Received Import Request.
  Time since last request: 0.000606 seconds.
  path: Assets/BrokenVector/LowPolyCarPack/Prefabs/Car_6_Red.prefab
  artifactKey: Guid(19c00265a4f7b43489bdceefa77c2092) Importer(815301076,1909f56bfc062723c751e8b465ee728b)
Start importing Assets/BrokenVector/LowPolyCarPack/Prefabs/Car_6_Red.prefab using Guid(19c00265a4f7b43489bdceefa77c2092) Importer(815301076,1909f56bfc062723c751e8b465ee728b)  -> (artifact id: '37e4af96fd277b51f45fdf6aa67e812b') in 0.047366 seconds
  Import took 0.055970 seconds .

========================================================================
Received Import Request.
  Time since last request: 0.000473 seconds.
  path: Assets/BrokenVector/LowPolyCarPack/Prefabs/Car_4_Green.prefab
  artifactKey: Guid(d982fd29ce6fdc74b99c0e3d69cbde8b) Importer(815301076,1909f56bfc062723c751e8b465ee728b)
Start importing Assets/BrokenVector/LowPolyCarPack/Prefabs/Car_4_Green.prefab using Guid(d982fd29ce6fdc74b99c0e3d69cbde8b) Importer(815301076,1909f56bfc062723c751e8b465ee728b)  -> (artifact id: '1e5a1f2e7738176efd7d99766ce65e57') in 0.046824 seconds
  Import took 0.055747 seconds .

========================================================================
Received Import Request.
  Time since last request: 0.000550 seconds.
  path: Assets/BrokenVector/LowPolyCarPack/Prefabs/Car_2_Blue.prefab
  artifactKey: Guid(f7cb15c5a7c4bdd498370bd90d1d77bd) Importer(815301076,1909f56bfc062723c751e8b465ee728b)
Start importing Assets/BrokenVector/LowPolyCarPack/Prefabs/Car_2_Blue.prefab using Guid(f7cb15c5a7c4bdd498370bd90d1d77bd) Importer(815301076,1909f56bfc062723c751e8b465ee728b)  -> (artifact id: '1e4a9b0d41bbf43e6485dc2e28615dbe') in 0.049728 seconds
  Import took 0.058185 seconds .

========================================================================
Received Import Request.
  Time since last request: 0.000524 seconds.
  path: Assets/BrokenVector/LowPolyCarPack/Prefabs/Car_2_Yellow.prefab
  artifactKey: Guid(1f4a686b41be99449a540690ab7a6785) Importer(815301076,1909f56bfc062723c751e8b465ee728b)
Start importing Assets/BrokenVector/LowPolyCarPack/Prefabs/Car_2_Yellow.prefab using Guid(1f4a686b41be99449a540690ab7a6785) Importer(815301076,1909f56bfc062723c751e8b465ee728b)  -> (artifact id: '1d8bc1b070f438e688da8221f1aeebdd') in 0.054581 seconds
  Import took 0.062759 seconds .

========================================================================
Received Import Request.
  Time since last request: 0.000526 seconds.
  path: Assets/BrokenVector/LowPolyCarPack/Prefabs/Car_3_Blue.prefab
  artifactKey: Guid(9f650378e491fae43bc3f73307b646d7) Importer(815301076,1909f56bfc062723c751e8b465ee728b)
Start importing Assets/BrokenVector/LowPolyCarPack/Prefabs/Car_3_Blue.prefab using Guid(9f650378e491fae43bc3f73307b646d7) Importer(815301076,1909f56bfc062723c751e8b465ee728b)  -> (artifact id: '372daf92ace5b8568c6cff274c49343b') in 0.041257 seconds
  Import took 0.050742 seconds .

========================================================================
Received Import Request.
  Time since last request: 0.000603 seconds.
  path: Assets/BrokenVector/LowPolyCarPack/Prefabs/Car_3_Red.prefab
  artifactKey: Guid(7179d797d92b9594482ec3e813202c51) Importer(815301076,1909f56bfc062723c751e8b465ee728b)
Start importing Assets/BrokenVector/LowPolyCarPack/Prefabs/Car_3_Red.prefab using Guid(7179d797d92b9594482ec3e813202c51) Importer(815301076,1909f56bfc062723c751e8b465ee728b)  -> (artifact id: '6f434d543e5dc51c8f911a8515feb985') in 0.043148 seconds
  Import took 0.052141 seconds .

========================================================================
Received Import Request.
  Time since last request: 0.000535 seconds.
  path: Assets/BrokenVector/LowPolyCarPack/Prefabs/Car_5_Purple.prefab
  artifactKey: Guid(eee6dff50f7483b44a4ea8b631baf73e) Importer(815301076,1909f56bfc062723c751e8b465ee728b)
Start importing Assets/BrokenVector/LowPolyCarPack/Prefabs/Car_5_Purple.prefab using Guid(eee6dff50f7483b44a4ea8b631baf73e) Importer(815301076,1909f56bfc062723c751e8b465ee728b)  -> (artifact id: '17fa03981fe62e9bfa04069c47d8130d') in 0.042200 seconds
  Import took 0.050430 seconds .

========================================================================
Received Import Request.
  Time since last request: 0.000592 seconds.
  path: Assets/BrokenVector/LowPolyCarPack/Prefabs/Car_3_Silver.prefab
  artifactKey: Guid(0ef070b9729d6c640b16bfa755c95ec4) Importer(815301076,1909f56bfc062723c751e8b465ee728b)
Start importing Assets/BrokenVector/LowPolyCarPack/Prefabs/Car_3_Silver.prefab using Guid(0ef070b9729d6c640b16bfa755c95ec4) Importer(815301076,1909f56bfc062723c751e8b465ee728b)  -> (artifact id: '3e6503ee6a7e0197e889a791763c9052') in 0.044238 seconds
  Import took 0.054809 seconds .

========================================================================
Received Import Request.
  Time since last request: 0.000519 seconds.
  path: Assets/BrokenVector/LowPolyCarPack/Prefabs/Car_5_Yellow.prefab
  artifactKey: Guid(f07b089f2dede914a900c8e34e599f38) Importer(815301076,1909f56bfc062723c751e8b465ee728b)
Start importing Assets/BrokenVector/LowPolyCarPack/Prefabs/Car_5_Yellow.prefab using Guid(f07b089f2dede914a900c8e34e599f38) Importer(815301076,1909f56bfc062723c751e8b465ee728b)  -> (artifact id: 'a8095738a4d99f9493f6ea5eb004347f') in 0.043665 seconds
  Import took 0.053781 seconds .

========================================================================
Received Import Request.
  Time since last request: 0.000649 seconds.
  path: Assets/BrokenVector/LowPolyCarPack/Prefabs/Car_1_Silver.prefab
  artifactKey: Guid(eebeaf026736b6546909968c8b4080b2) Importer(815301076,1909f56bfc062723c751e8b465ee728b)
Start importing Assets/BrokenVector/LowPolyCarPack/Prefabs/Car_1_Silver.prefab using Guid(eebeaf026736b6546909968c8b4080b2) Importer(815301076,1909f56bfc062723c751e8b465ee728b)  -> (artifact id: 'c04e472b200cde8c48c4c215fd5d544c') in 0.046243 seconds
  Import took 0.053683 seconds .

========================================================================
Received Import Request.
  Time since last request: 0.000550 seconds.
  path: Assets/BrokenVector/LowPolyCarPack/Prefabs/Car_4_Yellow.prefab
  artifactKey: Guid(36d4f55f4428f5e44a642bf379f22c58) Importer(815301076,1909f56bfc062723c751e8b465ee728b)
Start importing Assets/BrokenVector/LowPolyCarPack/Prefabs/Car_4_Yellow.prefab using Guid(36d4f55f4428f5e44a642bf379f22c58) Importer(815301076,1909f56bfc062723c751e8b465ee728b)  -> (artifact id: 'bb46860ee1963e76daa9194b89bce863') in 0.043135 seconds
  Import took 0.050367 seconds .

========================================================================
Received Import Request.
  Time since last request: 0.000475 seconds.
  path: Assets/BrokenVector/LowPolyCarPack/Prefabs/Car_5_Green.prefab
  artifactKey: Guid(4306cd5466419674c91dc425c00e18db) Importer(815301076,1909f56bfc062723c751e8b465ee728b)
Start importing Assets/BrokenVector/LowPolyCarPack/Prefabs/Car_5_Green.prefab using Guid(4306cd5466419674c91dc425c00e18db) Importer(815301076,1909f56bfc062723c751e8b465ee728b)  -> (artifact id: 'fb9b5c9ea3866d4224f2a575343bc104') in 0.050416 seconds
  Import took 0.058375 seconds .

========================================================================
Received Import Request.
  Time since last request: 0.000531 seconds.
  path: Assets/BrokenVector/LowPolyCarPack/Prefabs/Car_4_Blue.prefab
  artifactKey: Guid(6adbac25fbbce1941addef907602c539) Importer(815301076,1909f56bfc062723c751e8b465ee728b)
Start importing Assets/BrokenVector/LowPolyCarPack/Prefabs/Car_4_Blue.prefab using Guid(6adbac25fbbce1941addef907602c539) Importer(815301076,1909f56bfc062723c751e8b465ee728b)  -> (artifact id: 'd3eeb690e6e7099fa72f33ad0482c307') in 0.047845 seconds
  Import took 0.075888 seconds .

========================================================================
Received Import Request.
  Time since last request: 0.000666 seconds.
  path: Assets/BrokenVector/LowPolyCarPack/Prefabs/Car_6_Green.prefab
  artifactKey: Guid(798591b2838b0844c90eeed933a85d3d) Importer(815301076,1909f56bfc062723c751e8b465ee728b)
Start importing Assets/BrokenVector/LowPolyCarPack/Prefabs/Car_6_Green.prefab using Guid(798591b2838b0844c90eeed933a85d3d) Importer(815301076,1909f56bfc062723c751e8b465ee728b)  -> (artifact id: '947154ad7508aa282d8a8751093c901b') in 0.063034 seconds
  Import took 0.073501 seconds .

========================================================================
Received Import Request.
  Time since last request: 0.000711 seconds.
  path: Assets/BrokenVector/LowPolyCarPack/Prefabs/Car_1_Yellow.prefab
  artifactKey: Guid(3bbfd36332111ca4583206b5397b1018) Importer(815301076,1909f56bfc062723c751e8b465ee728b)
Start importing Assets/BrokenVector/LowPolyCarPack/Prefabs/Car_1_Yellow.prefab using Guid(3bbfd36332111ca4583206b5397b1018) Importer(815301076,1909f56bfc062723c751e8b465ee728b)  -> (artifact id: 'c8e14b2c846e416f279b9c0036858ea1') in 0.065090 seconds
  Import took 0.076581 seconds .

========================================================================
Received Import Request.
  Time since last request: 0.000752 seconds.
  path: Assets/BrokenVector/LowPolyCarPack/Prefabs/Car_6_Blue.prefab
  artifactKey: Guid(c69b567067453614686658c6390e4d95) Importer(815301076,1909f56bfc062723c751e8b465ee728b)
Start importing Assets/BrokenVector/LowPolyCarPack/Prefabs/Car_6_Blue.prefab using Guid(c69b567067453614686658c6390e4d95) Importer(815301076,1909f56bfc062723c751e8b465ee728b)  -> (artifact id: '92d3645fdcb1f174699654d72f232a51') in 0.058868 seconds
  Import took 0.069462 seconds .

========================================================================
Received Import Request.
  Time since last request: 0.000649 seconds.
  path: Assets/BrokenVector/LowPolyCarPack/Prefabs/Car_6_Purple.prefab
  artifactKey: Guid(6af8ef207cc6d8746a0713b3c5350d7b) Importer(815301076,1909f56bfc062723c751e8b465ee728b)
Start importing Assets/BrokenVector/LowPolyCarPack/Prefabs/Car_6_Purple.prefab using Guid(6af8ef207cc6d8746a0713b3c5350d7b) Importer(815301076,1909f56bfc062723c751e8b465ee728b)  -> (artifact id: '1dcc9cca3c0a3d4d5f2b6a8c212b1523') in 0.060288 seconds
  Import took 0.072770 seconds .

========================================================================
Received Import Request.
  Time since last request: 0.000675 seconds.
  path: Assets/BrokenVector/LowPolyCarPack/Prefabs/Car_1_Red.prefab
  artifactKey: Guid(7ee69ef87f85ae447998d4abab175cf9) Importer(815301076,1909f56bfc062723c751e8b465ee728b)
Start importing Assets/BrokenVector/LowPolyCarPack/Prefabs/Car_1_Red.prefab using Guid(7ee69ef87f85ae447998d4abab175cf9) Importer(815301076,1909f56bfc062723c751e8b465ee728b)  -> (artifact id: '3f65c1825724796687b4d369160cf535') in 0.067336 seconds
  Import took 0.077601 seconds .

========================================================================
Received Import Request.
  Time since last request: 0.001021 seconds.
  path: Assets/BrokenVector/LowPolyCarPack/Prefabs/Car_5_Silver.prefab
  artifactKey: Guid(7b12ba8dfc2058c41a2bea3034f51382) Importer(815301076,1909f56bfc062723c751e8b465ee728b)
Start importing Assets/BrokenVector/LowPolyCarPack/Prefabs/Car_5_Silver.prefab using Guid(7b12ba8dfc2058c41a2bea3034f51382) Importer(815301076,1909f56bfc062723c751e8b465ee728b)  -> (artifact id: 'a258beb2240f2db9fb49a044f9dd748f') in 0.081067 seconds
  Import took 0.111214 seconds .

========================================================================
Received Import Request.
  Time since last request: 0.000678 seconds.
  path: Assets/BrokenVector/LowPolyCarPack/Prefabs/Bus_Red.prefab
  artifactKey: Guid(2f4fc890c388cf84dbafc03669619d42) Importer(815301076,1909f56bfc062723c751e8b465ee728b)
Start importing Assets/BrokenVector/LowPolyCarPack/Prefabs/Bus_Red.prefab using Guid(2f4fc890c388cf84dbafc03669619d42) Importer(815301076,1909f56bfc062723c751e8b465ee728b)  -> (artifact id: '20e3155522d1b5697abe3ff94a24e2a7') in 0.075367 seconds
  Import took 0.085725 seconds .

========================================================================
Received Import Request.
  Time since last request: 0.000605 seconds.
  path: Assets/BrokenVector/LowPolyCarPack/Prefabs/Bus_Purple.prefab
  artifactKey: Guid(5adfb85edd20cd349a00b89cd118b625) Importer(815301076,1909f56bfc062723c751e8b465ee728b)
Start importing Assets/BrokenVector/LowPolyCarPack/Prefabs/Bus_Purple.prefab using Guid(5adfb85edd20cd349a00b89cd118b625) Importer(815301076,1909f56bfc062723c751e8b465ee728b)  -> (artifact id: '8fde0476aca578ee9a664ec648f15ee7') in 0.060447 seconds
  Import took 0.078160 seconds .

========================================================================
Received Import Request.
  Time since last request: 0.000751 seconds.
  path: Assets/BrokenVector/LowPolyCarPack/Prefabs/Car_2_Red.prefab
  artifactKey: Guid(8e6432cafa5803946a9c3011999db1f7) Importer(815301076,1909f56bfc062723c751e8b465ee728b)
Start importing Assets/BrokenVector/LowPolyCarPack/Prefabs/Car_2_Red.prefab using Guid(8e6432cafa5803946a9c3011999db1f7) Importer(815301076,1909f56bfc062723c751e8b465ee728b)  -> (artifact id: 'fe6dbd838e02852a3c3645e1bf4cea33') in 0.074625 seconds
  Import took 0.086583 seconds .

========================================================================
Received Import Request.
  Time since last request: 0.000629 seconds.
  path: Assets/BrokenVector/LowPolyCarPack/Prefabs/Car_2_Purple.prefab
  artifactKey: Guid(6346f9198ebfb674baa1a61f29dc6060) Importer(815301076,1909f56bfc062723c751e8b465ee728b)
Start importing Assets/BrokenVector/LowPolyCarPack/Prefabs/Car_2_Purple.prefab using Guid(6346f9198ebfb674baa1a61f29dc6060) Importer(815301076,1909f56bfc062723c751e8b465ee728b)  -> (artifact id: 'b93279dcb9cfef25f61726afaff6b094') in 0.058546 seconds
  Import took 0.070093 seconds .

========================================================================
Received Import Request.
  Time since last request: 0.000669 seconds.
  path: Assets/BrokenVector/LowPolyCarPack/Prefabs/Bus_Silver.prefab
  artifactKey: Guid(74b8b40c5d3c66c408d145d8c7c51c8b) Importer(815301076,1909f56bfc062723c751e8b465ee728b)
Start importing Assets/BrokenVector/LowPolyCarPack/Prefabs/Bus_Silver.prefab using Guid(74b8b40c5d3c66c408d145d8c7c51c8b) Importer(815301076,1909f56bfc062723c751e8b465ee728b)  -> (artifact id: 'cfde485cffef47fe2bc101e633d0ddb8') in 0.075454 seconds
  Import took 0.087037 seconds .

========================================================================
Received Import Request.
  Time since last request: 0.000654 seconds.
  path: Assets/BrokenVector/LowPolyCarPack/Prefabs/Car_3_Purple.prefab
  artifactKey: Guid(8f0fb4627eb4aed4f9ac1c0ec62fb2ff) Importer(815301076,1909f56bfc062723c751e8b465ee728b)
Start importing Assets/BrokenVector/LowPolyCarPack/Prefabs/Car_3_Purple.prefab using Guid(8f0fb4627eb4aed4f9ac1c0ec62fb2ff) Importer(815301076,1909f56bfc062723c751e8b465ee728b)  -> (artifact id: '92365ce2260171196ff248635f5edddd') in 0.061624 seconds
  Import took 0.072387 seconds .

========================================================================
Received Import Request.
  Time since last request: 0.000711 seconds.
  path: Assets/BrokenVector/LowPolyCarPack/Prefabs/Car_5_Blue.prefab
  artifactKey: Guid(bbbf9fb7447ddf442a86dd23695ed184) Importer(815301076,1909f56bfc062723c751e8b465ee728b)
Start importing Assets/BrokenVector/LowPolyCarPack/Prefabs/Car_5_Blue.prefab using Guid(bbbf9fb7447ddf442a86dd23695ed184) Importer(815301076,1909f56bfc062723c751e8b465ee728b)  -> (artifact id: '784ccd269806372bc3da811b00d81400') in 0.061281 seconds
  Import took 0.071857 seconds .

========================================================================
Received Import Request.
  Time since last request: 0.000687 seconds.
  path: Assets/BrokenVector/LowPolyCarPack/Prefabs/Bus_Green.prefab
  artifactKey: Guid(6eb3226238a68784ab8cefb3822af05c) Importer(815301076,1909f56bfc062723c751e8b465ee728b)
Start importing Assets/BrokenVector/LowPolyCarPack/Prefabs/Bus_Green.prefab using Guid(6eb3226238a68784ab8cefb3822af05c) Importer(815301076,1909f56bfc062723c751e8b465ee728b)  -> (artifact id: 'bfdd4ee9b344da43b6739695879f7f5f') in 0.066030 seconds
  Import took 0.077041 seconds .

========================================================================
Received Import Request.
  Time since last request: 275.799664 seconds.
  path: Assets/BrokenVector/LowPolyCarPack/Prefabs/Car_6_Yellow.prefab
  artifactKey: Guid(cd5a615f62153e041b89bd8f466af5ab) Importer(815301076,1909f56bfc062723c751e8b465ee728b)
Start importing Assets/BrokenVector/LowPolyCarPack/Prefabs/Car_6_Yellow.prefab using Guid(cd5a615f62153e041b89bd8f466af5ab) Importer(815301076,1909f56bfc062723c751e8b465ee728b)  -> (artifact id: '5eeac66003b4ab1b084d6b871074613e') in 0.064281 seconds
  Import took 0.077564 seconds .

========================================================================
Received Import Request.
  Time since last request: 0.000643 seconds.
  path: Assets/BrokenVector/LowPolyCarPack/Prefabs/Policecar.prefab
  artifactKey: Guid(1bc3a967e1e743b41b30f111c58ba985) Importer(815301076,1909f56bfc062723c751e8b465ee728b)
Start importing Assets/BrokenVector/LowPolyCarPack/Prefabs/Policecar.prefab using Guid(1bc3a967e1e743b41b30f111c58ba985) Importer(815301076,1909f56bfc062723c751e8b465ee728b)  -> (artifact id: '8297631f50752d671f6eca088d83e01b') in 0.055831 seconds
  Import took 0.066436 seconds .

========================================================================
Received Import Request.
  Time since last request: 0.000693 seconds.
  path: Assets/BrokenVector/LowPolyCarPack/Prefabs/Truck_1_Green.prefab
  artifactKey: Guid(4c1181499180eff409a0809517ff1937) Importer(815301076,1909f56bfc062723c751e8b465ee728b)
Start importing Assets/BrokenVector/LowPolyCarPack/Prefabs/Truck_1_Green.prefab using Guid(4c1181499180eff409a0809517ff1937) Importer(815301076,1909f56bfc062723c751e8b465ee728b)  -> (artifact id: '6d6c708490df1095845b7a221a7fee8d') in 0.079276 seconds
  Import took 0.089487 seconds .

========================================================================
Received Import Request.
  Time since last request: 0.000796 seconds.
  path: Assets/BrokenVector/LowPolyCarPack/Prefabs/Truck_2_Red.prefab
  artifactKey: Guid(effd6c573175d114bacfddf1faa1d4a7) Importer(815301076,1909f56bfc062723c751e8b465ee728b)
Start importing Assets/BrokenVector/LowPolyCarPack/Prefabs/Truck_2_Red.prefab using Guid(effd6c573175d114bacfddf1faa1d4a7) Importer(815301076,1909f56bfc062723c751e8b465ee728b)  -> (artifact id: '8f943b02ccc42d1ef2ef85ce5e42cd1b') in 0.062192 seconds
  Import took 0.073342 seconds .

========================================================================
Received Import Request.
  Time since last request: 0.000701 seconds.
  path: Assets/BrokenVector/LowPolyCarPack/Prefabs/Truck_1_Red.prefab
  artifactKey: Guid(d5f4cc9cf65b2b8499d4720a3d9d8046) Importer(815301076,1909f56bfc062723c751e8b465ee728b)
Start importing Assets/BrokenVector/LowPolyCarPack/Prefabs/Truck_1_Red.prefab using Guid(d5f4cc9cf65b2b8499d4720a3d9d8046) Importer(815301076,1909f56bfc062723c751e8b465ee728b)  -> (artifact id: 'ef222f7aac74c7017d4671910433d973') in 0.058820 seconds
  Import took 0.069758 seconds .

========================================================================
Received Import Request.
  Time since last request: 0.000730 seconds.
  path: Assets/BrokenVector/LowPolyCarPack/Prefabs/Truck_2_Silver.prefab
  artifactKey: Guid(a37b2602c9050a4469094841aeed030b) Importer(815301076,1909f56bfc062723c751e8b465ee728b)
Start importing Assets/BrokenVector/LowPolyCarPack/Prefabs/Truck_2_Silver.prefab using Guid(a37b2602c9050a4469094841aeed030b) Importer(815301076,1909f56bfc062723c751e8b465ee728b)  -> (artifact id: '3a51fbbac9bafe860a583003837f600b') in 0.068611 seconds
  Import took 0.080896 seconds .

========================================================================
Received Import Request.
  Time since last request: 0.000780 seconds.
  path: Assets/BrokenVector/LowPolyCarPack/Prefabs/Truck_2_Green.prefab
  artifactKey: Guid(e39d5c824186a1a489d4f0109343173e) Importer(815301076,1909f56bfc062723c751e8b465ee728b)
Start importing Assets/BrokenVector/LowPolyCarPack/Prefabs/Truck_2_Green.prefab using Guid(e39d5c824186a1a489d4f0109343173e) Importer(815301076,1909f56bfc062723c751e8b465ee728b)  -> (artifact id: 'b039edde1bb272a494aca6dcddf9ee55') in 0.068841 seconds
  Import took 0.079734 seconds .

========================================================================
Received Import Request.
  Time since last request: 0.000706 seconds.
  path: Assets/BrokenVector/LowPolyCarPack/Prefabs/Truck_2_Yellow.prefab
  artifactKey: Guid(8c211a32366f0534e81b8202e306210a) Importer(815301076,1909f56bfc062723c751e8b465ee728b)
Start importing Assets/BrokenVector/LowPolyCarPack/Prefabs/Truck_2_Yellow.prefab using Guid(8c211a32366f0534e81b8202e306210a) Importer(815301076,1909f56bfc062723c751e8b465ee728b)  -> (artifact id: '2b9b87893ae8c244a6b0ef084022c455') in 0.072620 seconds
  Import took 0.083143 seconds .

========================================================================
Received Import Request.
  Time since last request: 0.000859 seconds.
  path: Assets/BrokenVector/LowPolyCarPack/Prefabs/Truck_1_Silver.prefab
  artifactKey: Guid(6a85d95f92dc8954082a8474282c9dca) Importer(815301076,1909f56bfc062723c751e8b465ee728b)
Start importing Assets/BrokenVector/LowPolyCarPack/Prefabs/Truck_1_Silver.prefab using Guid(6a85d95f92dc8954082a8474282c9dca) Importer(815301076,1909f56bfc062723c751e8b465ee728b)  -> (artifact id: '4872d6375902e0a440a945dcf9505fba') in 0.060543 seconds
  Import took 0.070842 seconds .

========================================================================
Received Import Request.
  Time since last request: 0.000681 seconds.
  path: Assets/BrokenVector/LowPolyCarPack/Prefabs/Truck_1_Purple.prefab
  artifactKey: Guid(e5588eee4212a57479969d0bbe7c7216) Importer(815301076,1909f56bfc062723c751e8b465ee728b)
Start importing Assets/BrokenVector/LowPolyCarPack/Prefabs/Truck_1_Purple.prefab using Guid(e5588eee4212a57479969d0bbe7c7216) Importer(815301076,1909f56bfc062723c751e8b465ee728b)  -> (artifact id: '3210eee550fb6a1ee7a80d1ace02ad61') in 0.063567 seconds
  Import took 0.073802 seconds .

========================================================================
Received Import Request.
  Time since last request: 0.000671 seconds.
  path: Assets/BrokenVector/LowPolyCarPack/Prefabs/Truck_1_Blue.prefab
  artifactKey: Guid(2acf3729bc7663740a4b13c7b0129ad5) Importer(815301076,1909f56bfc062723c751e8b465ee728b)
Start importing Assets/BrokenVector/LowPolyCarPack/Prefabs/Truck_1_Blue.prefab using Guid(2acf3729bc7663740a4b13c7b0129ad5) Importer(815301076,1909f56bfc062723c751e8b465ee728b)  -> (artifact id: '2f9ca0aca835712aeff0fe9ea1f3d828') in 0.056611 seconds
  Import took 0.066277 seconds .

========================================================================
Received Import Request.
  Time since last request: 0.000640 seconds.
  path: Assets/BrokenVector/LowPolyCarPack/Prefabs/Truck_2_Blue.prefab
  artifactKey: Guid(7c1716c1e067ded44af1dbfe0c4b32ae) Importer(815301076,1909f56bfc062723c751e8b465ee728b)
Start importing Assets/BrokenVector/LowPolyCarPack/Prefabs/Truck_2_Blue.prefab using Guid(7c1716c1e067ded44af1dbfe0c4b32ae) Importer(815301076,1909f56bfc062723c751e8b465ee728b)  -> (artifact id: '9b4f3cb09ea521652e48cc88329c2625') in 0.063646 seconds
  Import took 0.074985 seconds .

========================================================================
Received Import Request.
  Time since last request: 0.000685 seconds.
  path: Assets/BrokenVector/LowPolyCarPack/Prefabs/Truck_2_Purple.prefab
  artifactKey: Guid(5971c6ba437546948a4b83194e7ddb2a) Importer(815301076,1909f56bfc062723c751e8b465ee728b)
Start importing Assets/BrokenVector/LowPolyCarPack/Prefabs/Truck_2_Purple.prefab using Guid(5971c6ba437546948a4b83194e7ddb2a) Importer(815301076,1909f56bfc062723c751e8b465ee728b)  -> (artifact id: '349f638485351651f8e4a1b9967662bf') in 0.061243 seconds
  Import took 0.072710 seconds .

========================================================================
Received Import Request.
  Time since last request: 0.000668 seconds.
  path: Assets/BrokenVector/LowPolyCarPack/Prefabs/Truck_1_Yellow.prefab
  artifactKey: Guid(e1294a8cfc9931d43a862e42e90d5739) Importer(815301076,1909f56bfc062723c751e8b465ee728b)
Start importing Assets/BrokenVector/LowPolyCarPack/Prefabs/Truck_1_Yellow.prefab using Guid(e1294a8cfc9931d43a862e42e90d5739) Importer(815301076,1909f56bfc062723c751e8b465ee728b)  -> (artifact id: '122bacdddea199360fb1fb3174bb91a2') in 0.059235 seconds
  Import took 0.068989 seconds .

========================================================================
Received Prepare
Registering precompiled user dll's ...
Registered in 0.116470 seconds.
Begin MonoManager ReloadAssembly
Native extension for WindowsStandalone target not found
Native extension for WebGL target not found
Refreshing native plugins compatible for Editor in 2.38 ms, found 2 plugins.
Preloading 0 native plugins for Editor in 0.00 ms.
Mono: successfully reloaded assembly
- Completed reload, in  8.804 seconds
Platform modules already initialized, skipping
Refreshing native plugins compatible for Editor in 2.35 ms, found 2 plugins.
Preloading 0 native plugins for Editor in 0.00 ms.
Unloading 1684 Unused Serialized files (Serialized files now loaded: 0)
System memory in use before: 96.3 MB.
System memory in use after: 96.2 MB.

Unloading 16 unused Assets to reduce memory usage. Loaded Objects now: 2204.
Total: 10.498600 ms (FindLiveObjects: 0.596200 ms CreateObjectMapping: 0.322400 ms MarkObjects: 8.792400 ms  DeleteObjects: 0.769800 ms)

========================================================================
Received Prepare
Registering precompiled user dll's ...
Registered in 0.006522 seconds.
Begin MonoManager ReloadAssembly
Native extension for WindowsStandalone target not found
Native extension for WebGL target not found
Refreshing native plugins compatible for Editor in 2.15 ms, found 2 plugins.
Preloading 0 native plugins for Editor in 0.00 ms.
Mono: successfully reloaded assembly
- Completed reload, in  3.435 seconds
Platform modules already initialized, skipping
Refreshing native plugins compatible for Editor in 0.85 ms, found 2 plugins.
Preloading 0 native plugins for Editor in 0.00 ms.
Unloading 1683 Unused Serialized files (Serialized files now loaded: 0)
System memory in use before: 96.2 MB.
System memory in use after: 96.1 MB.

Unloading 16 unused Assets to reduce memory usage. Loaded Objects now: 2207.
Total: 6.985100 ms (FindLiveObjects: 0.741600 ms CreateObjectMapping: 0.313300 ms MarkObjects: 5.410000 ms  DeleteObjects: 0.517500 ms)

========================================================================
Received Prepare
Registering precompiled user dll's ...
Registered in 0.008065 seconds.
Begin MonoManager ReloadAssembly
Native extension for WindowsStandalone target not found
Native extension for WebGL target not found
Refreshing native plugins compatible for Editor in 1.35 ms, found 2 plugins.
Preloading 0 native plugins for Editor in 0.00 ms.
Mono: successfully reloaded assembly
- Completed reload, in  3.384 seconds
Platform modules already initialized, skipping
Refreshing native plugins compatible for Editor in 1.98 ms, found 2 plugins.
Preloading 0 native plugins for Editor in 0.00 ms.
Unloading 1683 Unused Serialized files (Serialized files now loaded: 0)
System memory in use before: 96.2 MB.
System memory in use after: 96.1 MB.

Unloading 16 unused Assets to reduce memory usage. Loaded Objects now: 2210.
Total: 8.926000 ms (FindLiveObjects: 0.724300 ms CreateObjectMapping: 0.205800 ms MarkObjects: 7.247100 ms  DeleteObjects: 0.744000 ms)

========================================================================
Received Prepare
Registering precompiled user dll's ...
Registered in 0.011389 seconds.
Begin MonoManager ReloadAssembly
Native extension for WindowsStandalone target not found
Native extension for WebGL target not found
Refreshing native plugins compatible for Editor in 1.75 ms, found 2 plugins.
Preloading 0 native plugins for Editor in 0.00 ms.
Mono: successfully reloaded assembly
- Completed reload, in  4.299 seconds
Platform modules already initialized, skipping
Refreshing native plugins compatible for Editor in 0.99 ms, found 2 plugins.
Preloading 0 native plugins for Editor in 0.00 ms.
Unloading 1683 Unused Serialized files (Serialized files now loaded: 0)
System memory in use before: 96.2 MB.
System memory in use after: 96.1 MB.

Unloading 16 unused Assets to reduce memory usage. Loaded Objects now: 2213.
Total: 5.305900 ms (FindLiveObjects: 0.360900 ms CreateObjectMapping: 0.139500 ms MarkObjects: 4.193600 ms  DeleteObjects: 0.609300 ms)

========================================================================
Received Prepare
Registering precompiled user dll's ...
Registered in 0.012767 seconds.
Begin MonoManager ReloadAssembly
Native extension for WindowsStandalone target not found
Native extension for WebGL target not found
Refreshing native plugins compatible for Editor in 1.09 ms, found 2 plugins.
Preloading 0 native plugins for Editor in 0.00 ms.
Mono: successfully reloaded assembly
- Completed reload, in  3.465 seconds
Platform modules already initialized, skipping
Refreshing native plugins compatible for Editor in 1.64 ms, found 2 plugins.
Preloading 0 native plugins for Editor in 0.00 ms.
Unloading 1683 Unused Serialized files (Serialized files now loaded: 0)
System memory in use before: 96.2 MB.
System memory in use after: 96.1 MB.

Unloading 16 unused Assets to reduce memory usage. Loaded Objects now: 2216.
Total: 7.321200 ms (FindLiveObjects: 0.470100 ms CreateObjectMapping: 0.192700 ms MarkObjects: 6.029800 ms  DeleteObjects: 0.625500 ms)

========================================================================
Received Import Request.
  Time since last request: 5004.534769 seconds.
  path: Assets/Simple city plain/Prefabs
  artifactKey: Guid(9b3f41c9510b3cd43a8766a508dc6635) Importer(815301076,1909f56bfc062723c751e8b465ee728b)
Start importing Assets/Simple city plain/Prefabs using Guid(9b3f41c9510b3cd43a8766a508dc6635) Importer(815301076,1909f56bfc062723c751e8b465ee728b)  -> (artifact id: '60bf2bc53ed59d2a46cea93c2c520f29') in 0.134726 seconds
  Import took 0.145947 seconds .

========================================================================
Received Import Request.
  Time since last request: 18.547341 seconds.
  path: Assets/POLYGON city pack/Prefabs
  artifactKey: Guid(55c50c4d813fe7140a42d24d27cfa7fc) Importer(815301076,1909f56bfc062723c751e8b465ee728b)
Start importing Assets/POLYGON city pack/Prefabs using Guid(55c50c4d813fe7140a42d24d27cfa7fc) Importer(815301076,1909f56bfc062723c751e8b465ee728b)  -> (artifact id: 'e3f47d3b7d94590cbf43e3c421059c8b') in 0.162348 seconds
  Import took 0.188731 seconds .

========================================================================
Received Prepare
Registering precompiled user dll's ...
Registered in 0.008297 seconds.
Begin MonoManager ReloadAssembly
Native extension for WindowsStandalone target not found
Native extension for WebGL target not found
Refreshing native plugins compatible for Editor in 0.99 ms, found 2 plugins.
Preloading 0 native plugins for Editor in 0.00 ms.
Mono: successfully reloaded assembly
- Completed reload, in  2.889 seconds
Platform modules already initialized, skipping
Refreshing native plugins compatible for Editor in 1.33 ms, found 2 plugins.
Preloading 0 native plugins for Editor in 0.00 ms.
Unloading 1683 Unused Serialized files (Serialized files now loaded: 0)
System memory in use before: 96.2 MB.
System memory in use after: 96.1 MB.

Unloading 16 unused Assets to reduce memory usage. Loaded Objects now: 2219.
Total: 8.168800 ms (FindLiveObjects: 0.630500 ms CreateObjectMapping: 0.218800 ms MarkObjects: 6.547700 ms  DeleteObjects: 0.768500 ms)

AssetImportWorkerClient::OnTransportError - code=2 error=End of file
